#
# A fatal error has been detected by the Java Runtime Environment:
#
#  EXCEPTION_ACCESS_VIOLATION (0xc0000005) at pc=0x00007ffce4046b4d, pid=42936, tid=35600
#
# JRE version: OpenJDK Runtime Environment (23.0.1+11) (build 23.0.1+11-39)
# Java VM: OpenJDK 64-Bit Server VM (23.0.1+11-39, mixed mode, sharing, tiered, compressed oops, compressed class ptrs, g1 gc, windows-amd64)
# Problematic frame:
# C  [awt.dll+0xd6b4d]
#
# No core dump will be written. Minidumps are not enabled by default on client versions of Windows
#
# If you would like to submit a bug report, please visit:
#   https://bugreport.java.com/bugreport/crash.jsp
# The crash happened outside the Java Virtual Machine in native code.
# See problematic frame for where to report the bug.
#

---------------  S U M M A R Y ------------

Command Line: -ea -Didea.test.cyclic.buffer.size=1048576 -javaagent:C:\Program Files\JetBrains\IntelliJ IDEA Community Edition 2024.2.2\lib\idea_rt.jar=57278:C:\Program Files\JetBrains\IntelliJ IDEA Community Edition 2024.2.2\bin -Dfile.encoding=UTF-8 -Dsun.stdout.encoding=UTF-8 -Dsun.stderr.encoding=UTF-8 com.intellij.rt.junit.JUnitStarter -ideVersion5 -junit5 com.manajementugas.TaskManagementAppTest

Host: AMD Ryzen 7 8845HS w/ Radeon 780M Graphics     , 16 cores, 15G,  Windows 11 , 64 bit Build 22621 (10.0.22621.4391)
Time: Sat Dec 28 09:16:20 2024 SE Asia Standard Time elapsed time: 20.603088 seconds (0d 0h 0m 20s)

---------------  T H R E A D  ---------------

Current thread (0x000001322da63d40):  JavaThread "AWT-Windows" daemon [_thread_in_native, id=35600, stack(0x0000001d13c00000,0x0000001d13d00000) (1024K)]

Stack: [0x0000001d13c00000,0x0000001d13d00000],  sp=0x0000001d13cfecf0,  free space=1019k
Native frames: (J=compiled Java code, j=interpreted, Vv=VM code, C=native code)
C  [awt.dll+0xd6b4d]  (no source info available)
C  [USER32.dll+0x183f1]  (no source info available)
C  [USER32.dll+0x17eb1]  (no source info available)
C  [awt.dll+0xd4126]  (no source info available)
C  [awt.dll+0xd724e]  (no source info available)
C  0x000001321d0ed307  (no source info available)

The last pc belongs to native method entry point (kind = native) (printed below).
Java frames: (J=compiled Java code, j=interpreted, Vv=VM code)
j  sun.awt.windows.WToolkit.eventLoop()V+0 java.desktop@23.0.1
j  sun.awt.windows.WToolkit.run()V+50 java.desktop@23.0.1
j  java.lang.Thread.runWith(Ljava/lang/Object;Ljava/lang/Runnable;)V+5 java.base@23.0.1
j  java.lang.Thread.run()V+19 java.base@23.0.1
v  ~StubRoutines::call_stub 0x000001321d0e0fcd

siginfo: EXCEPTION_ACCESS_VIOLATION (0xc0000005), reading address 0x0000000000000000


Registers:
RAX=0x0000000000000000, RBX=0x000001327398d3a2, RCX=0x0000000000000000, RDX=0x000001327398d3a2
RSP=0x0000001d13cfecf0, RBP=0x00007ffce40a97e0, RSI=0x0000000080000022, RDI=0x000001322da64100
R8 =0x0000000000000042, R9 =0x00000007199adc18, R10=0x00007ffce3368ec0, R11=0x0000000000000002
R12=0x0000000000320a24, R13=0x0000000000000000, R14=0x0000000001030241, R15=0x000000000000981d
RIP=0x00007ffce4046b4d, EFLAGS=0x0000000000010246


Register to memory mapping:

RAX=0x0 is null
RBX=0x000001327398d3a2 is a global jni handle
RCX=0x0 is null
RDX=0x000001327398d3a2 is a global jni handle
RSP=0x0000001d13cfecf0 is pointing into the stack for thread: 0x000001322da63d40
RBP=0x00007ffce40a97e0 awt.dll
RSI=0x0000000080000022 is an unknown value
RDI=0x000001322da64100 points into unknown readable memory: 0x00007ffce32d5e00 | 00 5e 2d e3 fc 7f 00 00
R8 =0x0000000000000042 is an unknown value
R9 =0x00000007199adc18 is an oop: sun.awt.windows.WFramePeer 
{0x00000007199adc18} - klass: 'sun/awt/windows/WFramePeer'
 - ---- fields (total size 19 words):
 - private volatile 'destroyed' 'Z' @12  true (0x01)
 - private volatile 'disposed' 'Z' @13  false (0x00)
 - volatile 'pData' 'J' @16  0 (0x0000000000000000)
 - volatile 'target' 'Ljava/lang/Object;' @24  a 'com/manajementugas/TaskManagementApp$MainMenu$ToDoListApp'{0x00000007199a1890} (0xe3334312)
 - volatile 'createError' 'Ljava/lang/Error;' @28  null (0x00000000)
 - private final 'stateLock' 'Ljava/lang/Object;' @32  a 'java/lang/Object'{0x00000007199adcb0} (0xe3335b96)
 - private volatile 'childPeers' 'Ljava/util/Map;' @36  null (0x00000000)
 - 'isLayouting' 'Z' @14  false (0x00)
 - 'paintPending' 'Z' @15  true (0x01)
 - protected volatile 'hwnd' 'J' @40  0 (0x0000000000000000)
 - 'nativeDropTargetContext' 'J' @48  1316199607104 (0x00000132739c2b40)
 - 'oldWidth' 'I' @56  400 (0x00000190)
 - 'oldHeight' 'I' @60  400 (0x00000190)
 - private 'numBackBuffers' 'I' @64  0 (0x00000000)
 - 'nDropTargets' 'I' @68  1 (0x00000001)
 - public 'serialNum' 'I' @72  1 (0x00000001)
 - private 'updateX1' 'I' @76  0 (0x00000000)
 - private 'updateY1' 'I' @80  0 (0x00000000)
 - private 'updateX2' 'I' @84  0 (0x00000000)
 - private 'updateY2' 'I' @88  0 (0x00000000)
 - private volatile 'isAccelCapable' 'Z' @92  true (0x01)
 - 'surfaceData' 'Lsun/java2d/SurfaceData;' @96  a 'sun/java2d/d3d/D3DSurfaceData$D3DWindowSurfaceData'{0x000000071997bf40} (0xe332f7e8)
 - private 'paintArea' 'Lsun/awt/RepaintArea;' @100  a 'sun/awt/RepaintArea'{0x00000007199adcc0} (0xe3335b98)
 - protected 'winGraphicsConfig' 'Lsun/awt/Win32GraphicsConfig;' @104  a 'sun/java2d/d3d/D3DGraphicsConfig'{0x0000000718c7bd70} (0xe318f7ae)
 - private 'backBuffer' 'Ljava/awt/image/VolatileImage;' @108  null (0x00000000)
 - private 'backBufferCaps' 'Ljava/awt/BufferCapabilities;' @112  null (0x00000000)
 - private 'foreground' 'Ljava/awt/Color;' @116  a 'java/awt/SystemColor'{0x0000000718c7c278} (0xe318f84f)
 - private 'background' 'Ljava/awt/Color;' @120  a 'javax/swing/plaf/ColorUIResource'{0x0000000718c7c2a0} (0xe318f854)
 - private 'font' 'Ljava/awt/Font;' @124  a 'java/awt/Font'{0x0000000718c1aa60} (0xe318354c)
 - private 'eraseBackground' 'Z' @93  false (0x00)
 - 'insets_' 'Ljava/awt/Insets;' @128  a 'java/awt/Insets'{0x00000007199ae1c8} (0xe3335c39)
 - private 'isOpaque' 'Z' @94  true (0x01)
 - private 'opacity' 'F' @132  1.000000 (0x3f800000)
 - private 'modalBlocker' 'Lsun/awt/windows/WWindowPeer;' @136  null (0x00000000)
 - private 'painter' 'Lsun/awt/windows/TranslucentWindowPainter;' @140  null (0x00000000)
 - private 'windowListener' 'Ljava/awt/event/WindowListener;' @144  null (0x00000000)
 - private volatile 'windowType' 'Ljava/awt/Window$Type;' @148  a 'java/awt/Window$Type'{0x0000000718c7c2e0} (0xe318f85c)
R10=0x00007ffce3368ec0 jvm.dll
R11=0x0000000000000002 is an unknown value
R12=0x0000000000320a24 is an unknown value
R13=0x0 is null
R14=0x0000000001030241 is an unknown value
R15=0x000000000000981d is an unknown value

Top of Stack: (sp=0x0000001d13cfecf0)
0x0000001d13cfecf0:   000001327398d3a2 0000000080000022
0x0000001d13cfed00:   000001322da63d40 00007ffce2b3b2ac
0x0000001d13cfed10:   000001322da64100 0000000000030000
0x0000001d13cfed20:   00000000000809a0 00007ffce4044490
0x0000001d13cfed30:   0000000000000001 00007ffce4044589
0x0000001d13cfed40:   0000001d13cfef18 0000000000030000
0x0000001d13cfed50:   00007ffce4044490 000001322da64100
0x0000001d13cfed60:   0000001d13cfef18 00007ffd2b1a7a68
0x0000001d13cfed70:   0000001d13cfeef8 00007ffce4044490
0x0000001d13cfed80:   0000001d11e75000 0000000000000001
0x0000001d13cfed90:   000049891c38c24d 00007ffd00000001
0x0000001d13cfeda0:   0000000000000000 000000000000981d
0x0000001d13cfedb0:   0000000000000000 0000000000000000
0x0000001d13cfedc0:   0000000000000001 0000000080000022
0x0000001d13cfedd0:   0000000000000000 00007ffd2b1983f1
0x0000001d13cfede0:   0000001d13cfef18 00007ffce40a97e0
0x0000001d13cfedf0:   0000000000000000 0000000080000022
0x0000001d13cfee00:   0000000000000000 00007ffd2b1980ac
0x0000001d13cfee10:   0000000000000388 00007ffd24cc36b0
0x0000001d13cfee20:   0000000000000000 0000000000000000
0x0000001d13cfee30:   0000000100000000 0000000080000022
0x0000001d13cfee40:   00007ffd00000000 0000000000000000
0x0000001d13cfee50:   0000000000000000 00007ffd2a2b1e8c
0x0000001d13cfee60:   0000001d13cfef48 00007ffd2b1a31f5
0x0000001d13cfee70:   0000000000000000 0000000000000038
0x0000001d13cfee80:   0000001d13cfef18 00007ffd2b216000
0x0000001d13cfee90:   0000000000000000 00007ffd2cf543e4
0x0000001d13cfeea0:   0000000000000000 0000000000000000
0x0000001d13cfeeb0:   00007ffce40a97e0 0000000000000000
0x0000001d13cfeec0:   0000000000000048 0000002f00000001
0x0000001d13cfeed0:   0000000000000000 0000000000000000
0x0000001d13cfeee0:   0000000000000030 ffffffffffffffff 

Instructions: (pc=0x00007ffce4046b4d)
0x00007ffce4046a4d:   0d 3e f7 06 00 e8 99 d9 ff ff 33 d2 8d 4a 20 ff
0x00007ffce4046a5d:   15 f6 c0 06 00 8b d0 33 f6 89 74 24 20 4c 8d 4c
0x00007ffce4046a6d:   24 50 4c 8d 05 1a f7 06 00 8d 4e 20 ff 15 81 c3
0x00007ffce4046a7d:   06 00 33 d2 49 8b ce ff 15 46 c3 06 00 48 8b d8
0x00007ffce4046a8d:   48 85 c0 0f 85 80 00 00 00 4c 8d 05 9b 94 03 00
0x00007ffce4046a9d:   8d 56 09 48 8d 8c 24 88 00 00 00 ff 15 d2 9a 01
0x00007ffce4046aad:   00 44 8d 46 10 48 8d 54 24 70 49 8b ce ff 15 a0
0x00007ffce4046abd:   98 01 00 48 8d 44 24 70 49 c7 c0 ff ff ff ff 0f
0x00007ffce4046acd:   1f 40 00 49 ff c0 66 42 39 34 40 75 f6 4b 8d 04
0x00007ffce4046add:   00 48 8d 8c 24 98 00 00 00 48 2b c8 48 8d 54 24
0x00007ffce4046aed:   70 e8 7b 60 01 00 33 d2 48 8d 8c 24 88 00 00 00
0x00007ffce4046afd:   ff 15 c5 c2 06 00 48 85 c0 74 0e 33 d2 48 8b c8
0x00007ffce4046b0d:   ff 15 bd c2 06 00 48 8b d8 48 85 db 40 0f 95 c6
0x00007ffce4046b1d:   48 8b 07 33 d2 48 8b cf ff 90 a0 00 00 00 90 48
0x00007ffce4046b2d:   8b c6 e9 7a 01 00 00 48 8b 07 4c 8b 05 52 f0 06
0x00007ffce4046b3d:   00 48 8b d3 48 8b cf ff 90 28 03 00 00 48 8b c8
0x00007ffce4046b4d:   4c 8b 08 49 8b c6 48 c1 e8 10 44 0f bf c0 41 0f
0x00007ffce4046b5d:   bf d6 41 ff 91 58 02 00 00 48 8b 07 48 8b d3 48
0x00007ffce4046b6d:   8b cf ff 90 b0 00 00 00 33 f6 48 89 35 52 f5 06
0x00007ffce4046b7d:   00 48 8b 0d 43 f5 06 00 ff 15 f5 96 01 00 90 48
0x00007ffce4046b8d:   8b 07 33 d2 48 8b cf ff 90 a0 00 00 00 90 33 c0
0x00007ffce4046b9d:   e9 0c 01 00 00 ba ff ff ff ff 49 8b ce ff 15 e0
0x00007ffce4046bad:   95 01 00 8b d8 4c 8b 07 33 d2 48 8b cf 41 ff 90
0x00007ffce4046bbd:   a0 00 00 00 90 8b c3 e9 e5 00 00 00 49 8b ce ff
0x00007ffce4046bcd:   d3 48 8b d8 4c 8b 07 33 d2 48 8b cf 41 ff 90 a0
0x00007ffce4046bdd:   00 00 00 90 48 8b c3 e9 c5 00 00 00 ff d3 48 8b
0x00007ffce4046bed:   d8 4c 8b 07 33 d2 48 8b cf 41 ff 90 a0 00 00 00
0x00007ffce4046bfd:   90 48 8b c3 e9 a8 00 00 00 41 8b d6 48 8b cb e8
0x00007ffce4046c0d:   99 3a 01 00 33 f6 48 89 35 b6 f4 06 00 48 8b 0d
0x00007ffce4046c1d:   a7 f4 06 00 ff 15 59 96 01 00 90 48 8b 07 33 d2
0x00007ffce4046c2d:   48 8b cf ff 90 a0 00 00 00 90 33 c0 eb 73 48 8b
0x00007ffce4046c3d:   cb e8 55 3a 01 00 8b c0 48 89 05 84 f4 06 00 48 


Stack slot to memory mapping:

stack at sp + 0 slots: 0x000001327398d3a2 is a global jni handle
stack at sp + 1 slots: 0x0000000080000022 is an unknown value
stack at sp + 2 slots: 0x000001322da63d40 is a thread
stack at sp + 3 slots: 0x00007ffce2b3b2ac jvm.dll
stack at sp + 4 slots: 0x000001322da64100 points into unknown readable memory: 0x00007ffce32d5e00 | 00 5e 2d e3 fc 7f 00 00
stack at sp + 5 slots: 0x0000000000030000 is an unknown value
stack at sp + 6 slots: 0x00000000000809a0 is an unknown value
stack at sp + 7 slots: 0x00007ffce4044490 awt.dll

Lock stack of current Java thread (top to bottom):

native method entry point (kind = native)  [0x000001321d0ecee0, 0x000001321d0edb38]  3160 bytes
[MachCode]
  0x000001321d0ecee0: 488b 4b08 | 0fb7 492e | 584c 8d74 | ccf8 6800 | 0000 0068 | 0000 0000 | 5055 488b | ec41 5568 
  0x000001321d0ecf00: 0000 0000 | 4c8b 6b08 | 4d8d 6d38 | 5348 8b53 | 0848 8b52 | 0848 8b52 | 1848 8b52 | 7048 8b12 
  0x000001321d0ecf20: 5248 8b53 | 1048 85d2 | 0f84 0700 | 0000 4881 | c210 0100 | 0052 488b | 5308 488b | 5208 488b 
  0x000001321d0ecf40: 5210 5249 | 8bc6 482b | c548 c1e8 | 0350 6800 | 0000 0068 | f7ff ffff | 41c6 8771 | 0400 0001 
  0x000001321d0ecf60: 488b 4310 | 4885 c074 | 208b 88cc | 0000 0083 | c102 8988 | cc00 0000 | 2388 e000 | 0000 0f84 
  0x000001321d0ecf80: 000b 0000 | e9cf 0000 | 0048 8b43 | 1848 85c0 | 0f85 b000 | 0000 e805 | 0000 00e9 | 9900 0000 
  0x000001321d0ecfa0: 488b d348 | 8d44 2408 | 4c89 6dc0 | 498b cfc5 | f877 4989 | afb0 0300 | 0049 8987 | a003 0000 
  0x000001321d0ecfc0: 4883 ec20 | 40f6 c40f | 0f84 1900 | 0000 4883 | ec08 48b8 | 9026 ace2 | fc7f 0000 | ffd0 4883 
  0x000001321d0ecfe0: c408 e90c | 0000 0048 | b890 26ac | e2fc 7f00 | 00ff d048 | 83c4 2049 | c787 a003 | 0000 0000 
  0x000001321d0ed000: 0000 49c7 | 87b0 0300 | 0000 0000 | 0049 c787 | a803 0000 | 0000 0000 | c5f8 7749 | 837f 0800 
  0x000001321d0ed020: 0f84 0500 | 0000 e995 | 3eff ff4c | 8b6d c04c | 8b75 c84e | 8d74 f500 | c348 8b43 | 1848 85c0 
  0x000001321d0ed040: 0f84 1200 | 0000 8b48 | 0883 c102 | 8948 0823 | 481c 0f84 | 2c0a 0000 | 493b a7e8 | 0400 000f 
  0x000001321d0ed060: 8748 0000 | 0089 8424 | 00f0 ffff | 8984 2400 | e0ff ff89 | 8424 00d0 | ffff 8984 | 2400 c0ff 
  0x000001321d0ed080: ff89 8424 | 00b0 ffff | 8984 2400 | a0ff ff89 | 8424 0090 | ffff 8984 | 2400 80ff | ff49 3ba7 
  0x000001321d0ed0a0: e004 0000 | 7607 4989 | a7e8 0400 | 0041 c687 | 7104 0000 | 0049 ba41 | ad33 e3fc | 7f00 0041 
  0x000001321d0ed0c0: 803a 000f | 843e 0000 | 0048 8b55 | e849 8bcf | 4883 ec20 | 40f6 c40f | 0f84 1900 | 0000 4883 
  0x000001321d0ed0e0: ec08 48b8 | 10ee e3e2 | fc7f 0000 | ffd0 4883 | c408 e90c | 0000 0048 | b810 eee3 | e2fc 7f00 
  0x000001321d0ed100: 00ff d048 | 83c4 2048 | 8b5d e84c | 8b5b 0845 | 0fb7 5b2e | 41c1 e303 | 492b e348 | 83ec 2048 
  0x000001321d0ed120: 83e4 f04c | 8b5b 604d | 85db 0f85 | ab00 0000 | e805 0000 | 00e9 9900 | 0000 488b | d348 8d44 
  0x000001321d0ed140: 2408 4c89 | 6dc0 498b | cfc5 f877 | 4989 afb0 | 0300 0049 | 8987 a003 | 0000 4883 | ec20 40f6 
  0x000001321d0ed160: c40f 0f84 | 1900 0000 | 4883 ec08 | 48b8 f04d | ace2 fc7f | 0000 ffd0 | 4883 c408 | e90c 0000 
  0x000001321d0ed180: 0048 b8f0 | 4dac e2fc | 7f00 00ff | d048 83c4 | 2049 c787 | a003 0000 | 0000 0000 | 49c7 87b0 
  0x000001321d0ed1a0: 0300 0000 | 0000 0049 | c787 a803 | 0000 0000 | 0000 c5f8 | 7749 837f | 0800 0f84 | 0500 0000 
  0x000001321d0ed1c0: e9fb 3cff | ff4c 8b6d | c04c 8b75 | c84e 8d74 | f500 c348 | 8b5d e84c | 8b5b 6041 | ffd3 488b 
  0x000001321d0ed1e0: 5de8 4889 | 4518 448b | 5b28 41f6 | c308 0f84 | 1b00 0000 | 4c8b 5b08 | 4d8b 5b08 | 4d8b 5b18 
  0x000001321d0ed200: 4d8b 5b70 | 4d8b 1b4c | 895d 1048 | 8d55 1048 | 8b43 5849 | ba60 3ce4 | e2fc 7f00 | 0049 3bc2 
  0x000001321d0ed220: 0f85 ab00 | 0000 e805 | 0000 00e9 | 9900 0000 | 488b d348 | 8d44 2408 | 4c89 6dc0 | 498b cfc5 
  0x000001321d0ed240: f877 4989 | afb0 0300 | 0049 8987 | a003 0000 | 4883 ec20 | 40f6 c40f | 0f84 1900 | 0000 4883 
  0x000001321d0ed260: ec08 48b8 | f04d ace2 | fc7f 0000 | ffd0 4883 | c408 e90c | 0000 0048 | b8f0 4dac | e2fc 7f00 
  0x000001321d0ed280: 00ff d048 | 83c4 2049 | c787 a003 | 0000 0000 | 0000 49c7 | 87b0 0300 | 0000 0000 | 0049 c787 
  0x000001321d0ed2a0: a803 0000 | 0000 0000 | c5f8 7749 | 837f 0800 | 0f84 0500 | 0000 e905 | 3cff ff4c | 8b6d c04c 
  0x000001321d0ed2c0: 8b75 c84e | 8d74 f500 | c348 8b5d | e848 8b43 | 5849 8d8f | c003 0000 | c5f8 7749 | 89af b003 
  0x000001321d0ed2e0: 0000 49ba | d8d2 0e1d | 3201 0000 | 4d89 97a8 | 0300 0049 | 89a7 a003 | 0000 41c7 | 8744 0400 
  0x000001321d0ed300: 0004 0000 | 00ff d0c5 | f877 4883 | ec10 c5fb | 1104 2448 | 83ec 1048 | 8904 2448 | c744 2408 
  0x000001321d0ed320: 0000 0000 | 41c7 8744 | 0400 0005 | 0000 00f0 | 8344 24c0 | 0049 3baf | 4804 0000 | 0f87 0e00 
  0x000001321d0ed340: 0000 4183 | bf40 0400 | 0000 0f84 | 2000 0000 | 498b cf4c | 8be4 4883 | ec20 4883 | e4f0 48b8 
  0x000001321d0ed360: 90a9 ade2 | fc7f 0000 | ffd0 498b | e44d 33e4 | 41c7 8744 | 0400 0008 | 0000 0049 | c787 a003 
  0x000001321d0ed380: 0000 0000 | 0000 49c7 | 87b0 0300 | 0000 0000 | 0049 c787 | a803 0000 | 0000 0000 | c5f8 774d 
  0x000001321d0ed3a0: 8b9f 3004 | 0000 41c7 | 8300 0100 | 0000 0000 | 0049 bbda | a50e 1d32 | 0100 004c | 3b5d 180f 
  0x000001321d0ed3c0: 8524 0300 | 0048 8b04 | 2448 83c4 | 1048 85c0 | 0f84 fe02 | 0000 a803 | 0f85 0800 | 0000 488b 
  0x000001321d0ed3e0: 00e9 ee02 | 0000 a801 | 0f85 0900 | 0000 488b | 40fe e9dd | 0200 0048 | 8b40 ff41 | 807f 3800 
  0x000001321d0ed400: 0f84 ce02 | 0000 4883 | f800 0f84 | c402 0000 | 4d8b 5f28 | 4983 fb00 | 0f84 1400 | 0000 4983 
  0x000001321d0ed420: eb08 4d89 | 5f28 4d03 | 5f30 4989 | 03e9 a202 | 0000 4881 | ec50 0100 | 0048 8904 | 2448 894c 
  0x000001321d0ed440: 2408 4889 | 5424 1048 | 8974 2418 | 4889 7c24 | 204c 8944 | 2428 4c89 | 4c24 304c | 8954 2438 
  0x000001321d0ed460: 4c89 5c24 | 40c5 fb11 | 4424 50c5 | fb11 4c24 | 58c5 fb11 | 5424 60c5 | fb11 5c24 | 68c5 fb11 
  0x000001321d0ed480: 6424 70c5 | fb11 6c24 | 78c5 fb11 | b424 8000 | 0000 c5fb | 11bc 2488 | 0000 00c5 | 7b11 8424 
  0x000001321d0ed4a0: 9000 0000 | c57b 118c | 2498 0000 | 00c5 7b11 | 9424 a000 | 0000 c57b | 119c 24a8 | 0000 00c5 
  0x000001321d0ed4c0: 7b11 a424 | b000 0000 | c57b 11ac | 24b8 0000 | 00c5 7b11 | b424 c000 | 0000 c57b | 11bc 24c8 
  0x000001321d0ed4e0: 0000 0062 | e1ff 0811 | 4424 1a62 | e1ff 0811 | 4c24 1b62 | e1ff 0811 | 5424 1c62 | e1ff 0811 
  0x000001321d0ed500: 5c24 1d62 | e1ff 0811 | 6424 1e62 | e1ff 0811 | 6c24 1f62 | e1ff 0811 | 7424 2062 | e1ff 0811 
  0x000001321d0ed520: 7c24 2162 | 61ff 0811 | 4424 2262 | 61ff 0811 | 4c24 2362 | 61ff 0811 | 5424 2462 | 61ff 0811 
  0x000001321d0ed540: 5c24 2562 | 61ff 0811 | 6424 2662 | 61ff 0811 | 6c24 2762 | 61ff 0811 | 7424 2862 | 61ff 0811 
  0x000001321d0ed560: 7c24 2949 | 8bd7 488b | c848 83ec | 2040 f6c4 | 0f0f 8419 | 0000 0048 | 83ec 0848 | b8e0 07a1 
  0x000001321d0ed580: e2fc 7f00 | 00ff d048 | 83c4 08e9 | 0c00 0000 | 48b8 e007 | a1e2 fc7f | 0000 ffd0 | 4883 c420 
  0x000001321d0ed5a0: 6261 ff08 | 107c 2429 | 6261 ff08 | 1074 2428 | 6261 ff08 | 106c 2427 | 6261 ff08 | 1064 2426 
  0x000001321d0ed5c0: 6261 ff08 | 105c 2425 | 6261 ff08 | 1054 2424 | 6261 ff08 | 104c 2423 | 6261 ff08 | 1044 2422 
  0x000001321d0ed5e0: 62e1 ff08 | 107c 2421 | 62e1 ff08 | 1074 2420 | 62e1 ff08 | 106c 241f | 62e1 ff08 | 1064 241e 
  0x000001321d0ed600: 62e1 ff08 | 105c 241d | 62e1 ff08 | 1054 241c | 62e1 ff08 | 104c 241b | 62e1 ff08 | 1044 241a 
  0x000001321d0ed620: c57b 10bc | 24c8 0000 | 00c5 7b10 | b424 c000 | 0000 c57b | 10ac 24b8 | 0000 00c5 | 7b10 a424 
  0x000001321d0ed640: b000 0000 | c57b 109c | 24a8 0000 | 00c5 7b10 | 9424 a000 | 0000 c57b | 108c 2498 | 0000 00c5 
  0x000001321d0ed660: 7b10 8424 | 9000 0000 | c5fb 10bc | 2488 0000 | 00c5 fb10 | b424 8000 | 0000 c5fb | 106c 2478 
  0x000001321d0ed680: c5fb 1064 | 2470 c5fb | 105c 2468 | c5fb 1054 | 2460 c5fb | 104c 2458 | c5fb 1044 | 2450 4c8b 
  0x000001321d0ed6a0: 5c24 404c | 8b54 2438 | 4c8b 4c24 | 304c 8b44 | 2428 488b | 7c24 2048 | 8b74 2418 | 488b 5424 
  0x000001321d0ed6c0: 1048 8b4c | 2408 488b | 0424 4881 | c450 0100 | 00c5 f877 | 4889 4510 | 4883 ec10 | 4889 0424 
  0x000001321d0ed6e0: 48c7 4424 | 0800 0000 | 0041 83bf | c804 0000 | 020f 85bf | 0000 0048 | 81ec 8000 | 0000 4889 
  0x000001321d0ed700: 4424 7848 | 894c 2470 | 4889 5424 | 6848 895c | 2460 4889 | 6c24 5048 | 8974 2448 | 4889 7c24 
  0x000001321d0ed720: 404c 8944 | 2438 4c89 | 4c24 304c | 8954 2428 | 4c89 5c24 | 204c 8964 | 2418 4c89 | 6c24 104c 
  0x000001321d0ed740: 8974 2408 | 4c89 3c24 | 4c8b e448 | 83ec 2048 | 83e4 f048 | b8c0 22e4 | e2fc 7f00 | 00ff d049 
  0x000001321d0ed760: 8be4 4c8b | 3c24 4c8b | 7424 084c | 8b6c 2410 | 4c8b 6424 | 184c 8b5c | 2420 4c8b | 5424 284c 
  0x000001321d0ed780: 8b4c 2430 | 4c8b 4424 | 3848 8b7c | 2440 488b | 7424 4848 | 8b6c 2450 | 488b 5c24 | 6048 8b54 
  0x000001321d0ed7a0: 2468 488b | 4c24 7048 | 8b44 2478 | 4881 c480 | 0000 004d | 33e4 488b | 5de8 4c8b | 6b08 4d8d 
  0x000001321d0ed7c0: 6d38 4983 | 7f08 000f | 84bb 0000 | 00e8 0500 | 0000 e996 | 0000 0048 | 8d44 2408 | 4c89 6dc0 
  0x000001321d0ed7e0: 498b cfc5 | f877 4989 | afb0 0300 | 0049 8987 | a003 0000 | 4883 ec20 | 40f6 c40f | 0f84 1900 
  0x000001321d0ed800: 0000 4883 | ec08 48b8 | 006c ace2 | fc7f 0000 | ffd0 4883 | c408 e90c | 0000 0048 | b800 6cac 
  0x000001321d0ed820: e2fc 7f00 | 00ff d048 | 83c4 2049 | c787 a003 | 0000 0000 | 0000 49c7 | 87b0 0300 | 0000 0000 
  0x000001321d0ed840: 0049 c787 | a803 0000 | 0000 0000 | c5f8 7749 | 837f 0800 | 0f84 0500 | 0000 e961 | 36ff ff4c 
  0x000001321d0ed860: 8b6d c04c | 8b75 c84e | 8d74 f500 | c348 b930 | d50b e3fc | 7f00 0048 | 83e4 f048 | b870 4ad2 
  0x000001321d0ed880: e2fc 7f00 | 00ff d0f4 | 448b 5b28 | 41f6 c320 | 0f84 7901 | 0000 488d | 55a8 4c8b | 5a08 4d85 
  0x000001321d0ed8a0: db0f 85bb | 0000 00e8 | 0500 0000 | e996 0000 | 0048 8d44 | 2408 4c89 | 6dc0 498b | cfc5 f877 
  0x000001321d0ed8c0: 4989 afb0 | 0300 0049 | 8987 a003 | 0000 4883 | ec20 40f6 | c40f 0f84 | 1900 0000 | 4883 ec08 
  0x000001321d0ed8e0: 48b8 306b | ace2 fc7f | 0000 ffd0 | 4883 c408 | e90c 0000 | 0048 b830 | 6bac e2fc | 7f00 00ff 
  0x000001321d0ed900: d048 83c4 | 2049 c787 | a003 0000 | 0000 0000 | 49c7 87b0 | 0300 0000 | 0000 0049 | c787 a803 
  0x000001321d0ed920: 0000 0000 | 0000 c5f8 | 7749 837f | 0800 0f84 | 0500 0000 | e987 35ff | ff4c 8b6d | c04c 8b75 
  0x000001321d0ed940: c84e 8d74 | f500 c348 | b930 d50b | e3fc 7f00 | 0048 83e4 | f048 b870 | 4ad2 e2fc | 7f00 00ff 
  0x000001321d0ed960: d0f4 4c89 | 6dc0 4c8b | 4a08 48c7 | 4208 0000 | 0000 458b | 8718 0600 | 004f 3b4c | 07f8 0f85 
  0x000001321d0ed980: 4900 0000 | 4183 af18 | 0600 0008 | 4f3b 4c07 | f00f 842a | 0000 0049 | 8b01 a802 | 0f85 1200 
  0x000001321d0ed9a0: 0000 4c8b | c049 83c8 | 01f0 4d0f | b101 0f84 | 0d00 0000 | 4183 8718 | 0600 0008 | e90c 0000 
  0x000001321d0ed9c0: 0049 ff8f | 5005 0000 | e93e 0000 | 004c 894a | 0848 8bca | 4883 ec20 | 40f6 c40f | 0f84 1900 
  0x000001321d0ed9e0: 0000 4883 | ec08 48b8 | f03d ace2 | fc7f 0000 | ffd0 4883 | c408 e90c | 0000 0048 | b8f0 3dac 
  0x000001321d0eda00: e2fc 7f00 | 00ff d048 | 83c4 204c | 8b6d c049 | ba41 ad33 | e3fc 7f00 | 0041 803a | 000f 843e 
  0x000001321d0eda20: 0000 0048 | 8b55 e849 | 8bcf 4883 | ec20 40f6 | c40f 0f84 | 1900 0000 | 4883 ec08 | 48b8 10ee 
  0x000001321d0eda40: e3e2 fc7f | 0000 ffd0 | 4883 c408 | e90c 0000 | 0048 b810 | eee3 e2fc | 7f00 00ff | d048 83c4 
  0x000001321d0eda60: 2048 8b04 | 2448 83c4 | 10c5 fb10 | 0424 4883 | c410 4c8b | 5d18 41ff | d34c 8b5d | f8c9 5f49 
  0x000001321d0eda80: 8be3 ffe7 | ba00 0000 | 00e8 0500 | 0000 e996 | 0000 0048 | 8d44 2408 | 4c89 6dc0 | 498b cfc5 
  0x000001321d0edaa0: f877 4989 | afb0 0300 | 0049 8987 | a003 0000 | 4883 ec20 | 40f6 c40f | 0f84 1900 | 0000 4883 
  0x000001321d0edac0: ec08 48b8 | a031 ace2 | fc7f 0000 | ffd0 4883 | c408 e90c | 0000 0048 | b8a0 31ac | e2fc 7f00 
  0x000001321d0edae0: 00ff d048 | 83c4 2049 | c787 a003 | 0000 0000 | 0000 49c7 | 87b0 0300 | 0000 0000 | 0049 c787 
  0x000001321d0edb00: a803 0000 | 0000 0000 | c5f8 7749 | 837f 0800 | 0f84 0500 | 0000 e9a5 | 33ff ff4c | 8b6d c04c 
  0x000001321d0edb20: 8b75 c84e | 8d74 f500 | c348 8b5d | e8e9 26f5 | ffff 660f | 1f44 0000 
[/MachCode]

---------------  P R O C E S S  ---------------

Threads class SMR info:
_java_thread_list=0x000001322dc6a080, length=20, elements={
0x000001320d55def0, 0x000001322d33eba0, 0x000001322d340700, 0x000001322d341710,
0x000001322d342610, 0x000001322d343160, 0x000001322d345df0, 0x000001322d354300,
0x000001322d349f70, 0x000001322d46e0d0, 0x000001322d5c05b0, 0x000001322d5c8920,
0x000001322da59990, 0x000001322da5d750, 0x000001322da63d40, 0x00000132739b7030,
0x0000013273c30f40, 0x0000013273c315d0, 0x000001327d9ad810, 0x0000013273c33010
}

Java Threads: ( => current thread )
  0x000001320d55def0 JavaThread "main"                              [_thread_blocked, id=52876, stack(0x0000001d12300000,0x0000001d12400000) (1024K)]
  0x000001322d33eba0 JavaThread "Reference Handler"          daemon [_thread_blocked, id=52708, stack(0x0000001d12b00000,0x0000001d12c00000) (1024K)]
  0x000001322d340700 JavaThread "Finalizer"                  daemon [_thread_blocked, id=48580, stack(0x0000001d12c00000,0x0000001d12d00000) (1024K)]
  0x000001322d341710 JavaThread "Signal Dispatcher"          daemon [_thread_blocked, id=41208, stack(0x0000001d12d00000,0x0000001d12e00000) (1024K)]
  0x000001322d342610 JavaThread "Attach Listener"            daemon [_thread_blocked, id=48784, stack(0x0000001d12e00000,0x0000001d12f00000) (1024K)]
  0x000001322d343160 JavaThread "Service Thread"             daemon [_thread_blocked, id=47472, stack(0x0000001d12f00000,0x0000001d13000000) (1024K)]
  0x000001322d345df0 JavaThread "Monitor Deflation Thread"   daemon [_thread_blocked, id=50864, stack(0x0000001d13000000,0x0000001d13100000) (1024K)]
  0x000001322d354300 JavaThread "C2 CompilerThread0"         daemon [_thread_blocked, id=30440, stack(0x0000001d13100000,0x0000001d13200000) (1024K)]
  0x000001322d349f70 JavaThread "C1 CompilerThread0"         daemon [_thread_blocked, id=52104, stack(0x0000001d13200000,0x0000001d13300000) (1024K)]
  0x000001322d46e0d0 JavaThread "Common-Cleaner"             daemon [_thread_blocked, id=3620, stack(0x0000001d13300000,0x0000001d13400000) (1024K)]
  0x000001322d5c05b0 JavaThread "Monitor Ctrl-Break"         daemon [_thread_in_native, id=21600, stack(0x0000001d13800000,0x0000001d13900000) (1024K)]
  0x000001322d5c8920 JavaThread "Notification Thread"        daemon [_thread_blocked, id=13844, stack(0x0000001d13900000,0x0000001d13a00000) (1024K)]
  0x000001322da59990 JavaThread "Java2D Disposer"            daemon [_thread_blocked, id=50240, stack(0x0000001d13a00000,0x0000001d13b00000) (1024K)]
  0x000001322da5d750 JavaThread "AWT-Shutdown"                      [_thread_blocked, id=44624, stack(0x0000001d13b00000,0x0000001d13c00000) (1024K)]
=>0x000001322da63d40 JavaThread "AWT-Windows"                daemon [_thread_in_native, id=35600, stack(0x0000001d13c00000,0x0000001d13d00000) (1024K)]
  0x00000132739b7030 JavaThread "AWT-EventQueue-0"                  [_thread_in_native, id=28020, stack(0x0000001d13700000,0x0000001d13800000) (1024K)]
  0x0000013273c30f40 JavaThread "TimerQueue"                 daemon [_thread_blocked, id=49428, stack(0x0000001d15200000,0x0000001d15300000) (1024K)]
  0x0000013273c315d0 JavaThread "Image Fetcher 0"            daemon [_thread_blocked, id=51116, stack(0x0000001d13400000,0x0000001d13500000) (1024K)]
  0x000001327d9ad810 JavaThread "C1 CompilerThread1"         daemon [_thread_blocked, id=2900, stack(0x0000001d13500000,0x0000001d13600000) (1024K)]
  0x0000013273c33010 JavaThread "ToolkitShutdown"            daemon [_thread_in_native, id=52052, stack(0x0000001d16100000,0x0000001d16200000) (1024K)]
Total: 20

Other Threads:
  0x000001322d320120 VMThread "VM Thread"                           [id=22780, stack(0x0000001d12a00000,0x0000001d12b00000) (1024K)]
  0x000001322d30b960 WatcherThread "VM Periodic Task Thread"        [id=50068, stack(0x0000001d12900000,0x0000001d12a00000) (1024K)]
  0x000001320d5c3c40 WorkerThread "GC Thread#0"                     [id=52320, stack(0x0000001d12400000,0x0000001d12500000) (1024K)]
  0x0000013273c50580 WorkerThread "GC Thread#1"                     [id=48064, stack(0x0000001d15400000,0x0000001d15500000) (1024K)]
  0x0000013273c50930 WorkerThread "GC Thread#2"                     [id=50544, stack(0x0000001d15500000,0x0000001d15600000) (1024K)]
  0x0000013273c52cf0 WorkerThread "GC Thread#3"                     [id=52100, stack(0x0000001d15600000,0x0000001d15700000) (1024K)]
  0x0000013273c54c10 WorkerThread "GC Thread#4"                     [id=39380, stack(0x0000001d15700000,0x0000001d15800000) (1024K)]
  0x0000013273c54860 WorkerThread "GC Thread#5"                     [id=19036, stack(0x0000001d15800000,0x0000001d15900000) (1024K)]
  0x0000013273c544b0 WorkerThread "GC Thread#6"                     [id=43328, stack(0x0000001d15900000,0x0000001d15a00000) (1024K)]
  0x0000013273c54fc0 WorkerThread "GC Thread#7"                     [id=20880, stack(0x0000001d15a00000,0x0000001d15b00000) (1024K)]
  0x0000013273c55370 WorkerThread "GC Thread#8"                     [id=52988, stack(0x0000001d15b00000,0x0000001d15c00000) (1024K)]
  0x0000013273c55720 WorkerThread "GC Thread#9"                     [id=48316, stack(0x0000001d15c00000,0x0000001d15d00000) (1024K)]
  0x0000013273c55ad0 WorkerThread "GC Thread#10"                    [id=50272, stack(0x0000001d15d00000,0x0000001d15e00000) (1024K)]
  0x000001320d5d8080 ConcurrentGCThread "G1 Main Marker"            [id=39780, stack(0x0000001d12500000,0x0000001d12600000) (1024K)]
  0x000001320d5d8b90 WorkerThread "G1 Conc#0"                       [id=40492, stack(0x0000001d12600000,0x0000001d12700000) (1024K)]
  0x000001322d1da280 ConcurrentGCThread "G1 Refine#0"               [id=48204, stack(0x0000001d12700000,0x0000001d12800000) (1024K)]
  0x000001322d1dae00 ConcurrentGCThread "G1 Service"                [id=48188, stack(0x0000001d12800000,0x0000001d12900000) (1024K)]
Total: 17

Threads with active compile tasks:
Total: 0

VM state: not at safepoint (normal execution)

VM Mutex/Monitor currently owned by a thread: None

Heap address: 0x000000070b000000, size: 3920 MB, Compressed Oops mode: Zero based, Oop shift amount: 3

CDS archive(s) mapped at: [0x000001322e000000-0x000001322ed70000-0x000001322ed70000), size 14090240, SharedBaseAddress: 0x000001322e000000, ArchiveRelocationMode: 1.
Compressed class space mapped at: 0x000001322f000000-0x000001326f000000, reserved size: 1073741824
Narrow klass base: 0x000001322e000000, Narrow klass shift: 0, Narrow klass range: 0x41000000

GC Precious Log:
 CardTable entry size: 512
 Card Set container configuration: InlinePtr #cards 4 size 8 Array Of Cards #cards 16 size 48 Howl #buckets 8 coarsen threshold 3686 Howl Bitmap #cards 512 size 80 coarsen threshold 460 Card regions per heap region 1 cards per card region 4096
 CPUs: 16 total, 16 available
 Memory: 15674M
 Large Page Support: Disabled
 NUMA Support: Disabled
 Compressed Oops: Enabled (Zero based)
 Heap Region Size: 2M
 Heap Min Capacity: 8M
 Heap Initial Capacity: 246M
 Heap Max Capacity: 3920M
 Pre-touch: Disabled
 Parallel Workers: 13
 Concurrent Workers: 3
 Concurrent Refinement Workers: 13
 Periodic GC: Disabled

Heap:
 garbage-first heap   total reserved 4014080K, committed 251904K, used 17140K [0x000000070b000000, 0x0000000800000000)
  region size 2048K, 10 young (20480K), 2 survivors (4096K)
 Metaspace       used 16948K, committed 17216K, reserved 1114112K
  class space    used 2114K, committed 2240K, reserved 1048576K

Heap Regions: E=young(eden), S=young(survivor), O=old, HS=humongous(starts), HC=humongous(continues), CS=collection set, F=free, TAMS=top-at-mark-start, PB=parsable bottom
|   0|0x000000070b000000, 0x000000070b0bd3c0, 0x000000070b200000| 36%| O|  |TAMS 0x000000070b000000| PB 0x000000070b000000| Untracked |  0
|   1|0x000000070b200000, 0x000000070b200000, 0x000000070b400000|  0%| F|  |TAMS 0x000000070b200000| PB 0x000000070b200000| Untracked |  0
|   2|0x000000070b400000, 0x000000070b400000, 0x000000070b600000|  0%| F|  |TAMS 0x000000070b400000| PB 0x000000070b400000| Untracked |  0
|   3|0x000000070b600000, 0x000000070b600000, 0x000000070b800000|  0%| F|  |TAMS 0x000000070b600000| PB 0x000000070b600000| Untracked |  0
|   4|0x000000070b800000, 0x000000070b800000, 0x000000070ba00000|  0%| F|  |TAMS 0x000000070b800000| PB 0x000000070b800000| Untracked |  0
|   5|0x000000070ba00000, 0x000000070ba00000, 0x000000070bc00000|  0%| F|  |TAMS 0x000000070ba00000| PB 0x000000070ba00000| Untracked |  0
|   6|0x000000070bc00000, 0x000000070bc00000, 0x000000070be00000|  0%| F|  |TAMS 0x000000070bc00000| PB 0x000000070bc00000| Untracked |  0
|   7|0x000000070be00000, 0x000000070be00000, 0x000000070c000000|  0%| F|  |TAMS 0x000000070be00000| PB 0x000000070be00000| Untracked |  0
|   8|0x000000070c000000, 0x000000070c000000, 0x000000070c200000|  0%| F|  |TAMS 0x000000070c000000| PB 0x000000070c000000| Untracked |  0
|   9|0x000000070c200000, 0x000000070c200000, 0x000000070c400000|  0%| F|  |TAMS 0x000000070c200000| PB 0x000000070c200000| Untracked |  0
|  10|0x000000070c400000, 0x000000070c400000, 0x000000070c600000|  0%| F|  |TAMS 0x000000070c400000| PB 0x000000070c400000| Untracked |  0
|  11|0x000000070c600000, 0x000000070c600000, 0x000000070c800000|  0%| F|  |TAMS 0x000000070c600000| PB 0x000000070c600000| Untracked |  0
|  12|0x000000070c800000, 0x000000070c800000, 0x000000070ca00000|  0%| F|  |TAMS 0x000000070c800000| PB 0x000000070c800000| Untracked |  0
|  13|0x000000070ca00000, 0x000000070ca00000, 0x000000070cc00000|  0%| F|  |TAMS 0x000000070ca00000| PB 0x000000070ca00000| Untracked |  0
|  14|0x000000070cc00000, 0x000000070cc00000, 0x000000070ce00000|  0%| F|  |TAMS 0x000000070cc00000| PB 0x000000070cc00000| Untracked |  0
|  15|0x000000070ce00000, 0x000000070ce00000, 0x000000070d000000|  0%| F|  |TAMS 0x000000070ce00000| PB 0x000000070ce00000| Untracked |  0
|  16|0x000000070d000000, 0x000000070d000000, 0x000000070d200000|  0%| F|  |TAMS 0x000000070d000000| PB 0x000000070d000000| Untracked |  0
|  17|0x000000070d200000, 0x000000070d200000, 0x000000070d400000|  0%| F|  |TAMS 0x000000070d200000| PB 0x000000070d200000| Untracked |  0
|  18|0x000000070d400000, 0x000000070d400000, 0x000000070d600000|  0%| F|  |TAMS 0x000000070d400000| PB 0x000000070d400000| Untracked |  0
|  19|0x000000070d600000, 0x000000070d600000, 0x000000070d800000|  0%| F|  |TAMS 0x000000070d600000| PB 0x000000070d600000| Untracked |  0
|  20|0x000000070d800000, 0x000000070d800000, 0x000000070da00000|  0%| F|  |TAMS 0x000000070d800000| PB 0x000000070d800000| Untracked |  0
|  21|0x000000070da00000, 0x000000070da00000, 0x000000070dc00000|  0%| F|  |TAMS 0x000000070da00000| PB 0x000000070da00000| Untracked |  0
|  22|0x000000070dc00000, 0x000000070dc00000, 0x000000070de00000|  0%| F|  |TAMS 0x000000070dc00000| PB 0x000000070dc00000| Untracked |  0
|  23|0x000000070de00000, 0x000000070de00000, 0x000000070e000000|  0%| F|  |TAMS 0x000000070de00000| PB 0x000000070de00000| Untracked |  0
|  24|0x000000070e000000, 0x000000070e000000, 0x000000070e200000|  0%| F|  |TAMS 0x000000070e000000| PB 0x000000070e000000| Untracked |  0
|  25|0x000000070e200000, 0x000000070e200000, 0x000000070e400000|  0%| F|  |TAMS 0x000000070e200000| PB 0x000000070e200000| Untracked |  0
|  26|0x000000070e400000, 0x000000070e400000, 0x000000070e600000|  0%| F|  |TAMS 0x000000070e400000| PB 0x000000070e400000| Untracked |  0
|  27|0x000000070e600000, 0x000000070e600000, 0x000000070e800000|  0%| F|  |TAMS 0x000000070e600000| PB 0x000000070e600000| Untracked |  0
|  28|0x000000070e800000, 0x000000070e800000, 0x000000070ea00000|  0%| F|  |TAMS 0x000000070e800000| PB 0x000000070e800000| Untracked |  0
|  29|0x000000070ea00000, 0x000000070ea00000, 0x000000070ec00000|  0%| F|  |TAMS 0x000000070ea00000| PB 0x000000070ea00000| Untracked |  0
|  30|0x000000070ec00000, 0x000000070ec00000, 0x000000070ee00000|  0%| F|  |TAMS 0x000000070ec00000| PB 0x000000070ec00000| Untracked |  0
|  31|0x000000070ee00000, 0x000000070ee00000, 0x000000070f000000|  0%| F|  |TAMS 0x000000070ee00000| PB 0x000000070ee00000| Untracked |  0
|  32|0x000000070f000000, 0x000000070f000000, 0x000000070f200000|  0%| F|  |TAMS 0x000000070f000000| PB 0x000000070f000000| Untracked |  0
|  33|0x000000070f200000, 0x000000070f200000, 0x000000070f400000|  0%| F|  |TAMS 0x000000070f200000| PB 0x000000070f200000| Untracked |  0
|  34|0x000000070f400000, 0x000000070f400000, 0x000000070f600000|  0%| F|  |TAMS 0x000000070f400000| PB 0x000000070f400000| Untracked |  0
|  35|0x000000070f600000, 0x000000070f600000, 0x000000070f800000|  0%| F|  |TAMS 0x000000070f600000| PB 0x000000070f600000| Untracked |  0
|  36|0x000000070f800000, 0x000000070f800000, 0x000000070fa00000|  0%| F|  |TAMS 0x000000070f800000| PB 0x000000070f800000| Untracked |  0
|  37|0x000000070fa00000, 0x000000070fa00000, 0x000000070fc00000|  0%| F|  |TAMS 0x000000070fa00000| PB 0x000000070fa00000| Untracked |  0
|  38|0x000000070fc00000, 0x000000070fc00000, 0x000000070fe00000|  0%| F|  |TAMS 0x000000070fc00000| PB 0x000000070fc00000| Untracked |  0
|  39|0x000000070fe00000, 0x000000070fe00000, 0x0000000710000000|  0%| F|  |TAMS 0x000000070fe00000| PB 0x000000070fe00000| Untracked |  0
|  40|0x0000000710000000, 0x0000000710000000, 0x0000000710200000|  0%| F|  |TAMS 0x0000000710000000| PB 0x0000000710000000| Untracked |  0
|  41|0x0000000710200000, 0x0000000710200000, 0x0000000710400000|  0%| F|  |TAMS 0x0000000710200000| PB 0x0000000710200000| Untracked |  0
|  42|0x0000000710400000, 0x0000000710400000, 0x0000000710600000|  0%| F|  |TAMS 0x0000000710400000| PB 0x0000000710400000| Untracked |  0
|  43|0x0000000710600000, 0x0000000710600000, 0x0000000710800000|  0%| F|  |TAMS 0x0000000710600000| PB 0x0000000710600000| Untracked |  0
|  44|0x0000000710800000, 0x0000000710800000, 0x0000000710a00000|  0%| F|  |TAMS 0x0000000710800000| PB 0x0000000710800000| Untracked |  0
|  45|0x0000000710a00000, 0x0000000710a00000, 0x0000000710c00000|  0%| F|  |TAMS 0x0000000710a00000| PB 0x0000000710a00000| Untracked |  0
|  46|0x0000000710c00000, 0x0000000710c00000, 0x0000000710e00000|  0%| F|  |TAMS 0x0000000710c00000| PB 0x0000000710c00000| Untracked |  0
|  47|0x0000000710e00000, 0x0000000710e00000, 0x0000000711000000|  0%| F|  |TAMS 0x0000000710e00000| PB 0x0000000710e00000| Untracked |  0
|  48|0x0000000711000000, 0x0000000711000000, 0x0000000711200000|  0%| F|  |TAMS 0x0000000711000000| PB 0x0000000711000000| Untracked |  0
|  49|0x0000000711200000, 0x0000000711200000, 0x0000000711400000|  0%| F|  |TAMS 0x0000000711200000| PB 0x0000000711200000| Untracked |  0
|  50|0x0000000711400000, 0x0000000711400000, 0x0000000711600000|  0%| F|  |TAMS 0x0000000711400000| PB 0x0000000711400000| Untracked |  0
|  51|0x0000000711600000, 0x0000000711600000, 0x0000000711800000|  0%| F|  |TAMS 0x0000000711600000| PB 0x0000000711600000| Untracked |  0
|  52|0x0000000711800000, 0x0000000711800000, 0x0000000711a00000|  0%| F|  |TAMS 0x0000000711800000| PB 0x0000000711800000| Untracked |  0
|  53|0x0000000711a00000, 0x0000000711a00000, 0x0000000711c00000|  0%| F|  |TAMS 0x0000000711a00000| PB 0x0000000711a00000| Untracked |  0
|  54|0x0000000711c00000, 0x0000000711c00000, 0x0000000711e00000|  0%| F|  |TAMS 0x0000000711c00000| PB 0x0000000711c00000| Untracked |  0
|  55|0x0000000711e00000, 0x0000000711e00000, 0x0000000712000000|  0%| F|  |TAMS 0x0000000711e00000| PB 0x0000000711e00000| Untracked |  0
|  56|0x0000000712000000, 0x0000000712000000, 0x0000000712200000|  0%| F|  |TAMS 0x0000000712000000| PB 0x0000000712000000| Untracked |  0
|  57|0x0000000712200000, 0x0000000712200000, 0x0000000712400000|  0%| F|  |TAMS 0x0000000712200000| PB 0x0000000712200000| Untracked |  0
|  58|0x0000000712400000, 0x0000000712400000, 0x0000000712600000|  0%| F|  |TAMS 0x0000000712400000| PB 0x0000000712400000| Untracked |  0
|  59|0x0000000712600000, 0x0000000712600000, 0x0000000712800000|  0%| F|  |TAMS 0x0000000712600000| PB 0x0000000712600000| Untracked |  0
|  60|0x0000000712800000, 0x0000000712800000, 0x0000000712a00000|  0%| F|  |TAMS 0x0000000712800000| PB 0x0000000712800000| Untracked |  0
|  61|0x0000000712a00000, 0x0000000712a00000, 0x0000000712c00000|  0%| F|  |TAMS 0x0000000712a00000| PB 0x0000000712a00000| Untracked |  0
|  62|0x0000000712c00000, 0x0000000712c00000, 0x0000000712e00000|  0%| F|  |TAMS 0x0000000712c00000| PB 0x0000000712c00000| Untracked |  0
|  63|0x0000000712e00000, 0x0000000712e00000, 0x0000000713000000|  0%| F|  |TAMS 0x0000000712e00000| PB 0x0000000712e00000| Untracked |  0
|  64|0x0000000713000000, 0x0000000713000000, 0x0000000713200000|  0%| F|  |TAMS 0x0000000713000000| PB 0x0000000713000000| Untracked |  0
|  65|0x0000000713200000, 0x0000000713200000, 0x0000000713400000|  0%| F|  |TAMS 0x0000000713200000| PB 0x0000000713200000| Untracked |  0
|  66|0x0000000713400000, 0x0000000713400000, 0x0000000713600000|  0%| F|  |TAMS 0x0000000713400000| PB 0x0000000713400000| Untracked |  0
|  67|0x0000000713600000, 0x0000000713600000, 0x0000000713800000|  0%| F|  |TAMS 0x0000000713600000| PB 0x0000000713600000| Untracked |  0
|  68|0x0000000713800000, 0x0000000713800000, 0x0000000713a00000|  0%| F|  |TAMS 0x0000000713800000| PB 0x0000000713800000| Untracked |  0
|  69|0x0000000713a00000, 0x0000000713a00000, 0x0000000713c00000|  0%| F|  |TAMS 0x0000000713a00000| PB 0x0000000713a00000| Untracked |  0
|  70|0x0000000713c00000, 0x0000000713c00000, 0x0000000713e00000|  0%| F|  |TAMS 0x0000000713c00000| PB 0x0000000713c00000| Untracked |  0
|  71|0x0000000713e00000, 0x0000000713e00000, 0x0000000714000000|  0%| F|  |TAMS 0x0000000713e00000| PB 0x0000000713e00000| Untracked |  0
|  72|0x0000000714000000, 0x0000000714000000, 0x0000000714200000|  0%| F|  |TAMS 0x0000000714000000| PB 0x0000000714000000| Untracked |  0
|  73|0x0000000714200000, 0x0000000714200000, 0x0000000714400000|  0%| F|  |TAMS 0x0000000714200000| PB 0x0000000714200000| Untracked |  0
|  74|0x0000000714400000, 0x0000000714400000, 0x0000000714600000|  0%| F|  |TAMS 0x0000000714400000| PB 0x0000000714400000| Untracked |  0
|  75|0x0000000714600000, 0x0000000714600000, 0x0000000714800000|  0%| F|  |TAMS 0x0000000714600000| PB 0x0000000714600000| Untracked |  0
|  76|0x0000000714800000, 0x0000000714800000, 0x0000000714a00000|  0%| F|  |TAMS 0x0000000714800000| PB 0x0000000714800000| Untracked |  0
|  77|0x0000000714a00000, 0x0000000714a00000, 0x0000000714c00000|  0%| F|  |TAMS 0x0000000714a00000| PB 0x0000000714a00000| Untracked |  0
|  78|0x0000000714c00000, 0x0000000714c00000, 0x0000000714e00000|  0%| F|  |TAMS 0x0000000714c00000| PB 0x0000000714c00000| Untracked |  0
|  79|0x0000000714e00000, 0x0000000714e00000, 0x0000000715000000|  0%| F|  |TAMS 0x0000000714e00000| PB 0x0000000714e00000| Untracked |  0
|  80|0x0000000715000000, 0x0000000715000000, 0x0000000715200000|  0%| F|  |TAMS 0x0000000715000000| PB 0x0000000715000000| Untracked |  0
|  81|0x0000000715200000, 0x0000000715200000, 0x0000000715400000|  0%| F|  |TAMS 0x0000000715200000| PB 0x0000000715200000| Untracked |  0
|  82|0x0000000715400000, 0x0000000715400000, 0x0000000715600000|  0%| F|  |TAMS 0x0000000715400000| PB 0x0000000715400000| Untracked |  0
|  83|0x0000000715600000, 0x0000000715600000, 0x0000000715800000|  0%| F|  |TAMS 0x0000000715600000| PB 0x0000000715600000| Untracked |  0
|  84|0x0000000715800000, 0x0000000715800000, 0x0000000715a00000|  0%| F|  |TAMS 0x0000000715800000| PB 0x0000000715800000| Untracked |  0
|  85|0x0000000715a00000, 0x0000000715a00000, 0x0000000715c00000|  0%| F|  |TAMS 0x0000000715a00000| PB 0x0000000715a00000| Untracked |  0
|  86|0x0000000715c00000, 0x0000000715c00000, 0x0000000715e00000|  0%| F|  |TAMS 0x0000000715c00000| PB 0x0000000715c00000| Untracked |  0
|  87|0x0000000715e00000, 0x0000000715e00000, 0x0000000716000000|  0%| F|  |TAMS 0x0000000715e00000| PB 0x0000000715e00000| Untracked |  0
|  88|0x0000000716000000, 0x0000000716000000, 0x0000000716200000|  0%| F|  |TAMS 0x0000000716000000| PB 0x0000000716000000| Untracked |  0
|  89|0x0000000716200000, 0x0000000716200000, 0x0000000716400000|  0%| F|  |TAMS 0x0000000716200000| PB 0x0000000716200000| Untracked |  0
|  90|0x0000000716400000, 0x0000000716400000, 0x0000000716600000|  0%| F|  |TAMS 0x0000000716400000| PB 0x0000000716400000| Untracked |  0
|  91|0x0000000716600000, 0x0000000716600000, 0x0000000716800000|  0%| F|  |TAMS 0x0000000716600000| PB 0x0000000716600000| Untracked |  0
|  92|0x0000000716800000, 0x0000000716800000, 0x0000000716a00000|  0%| F|  |TAMS 0x0000000716800000| PB 0x0000000716800000| Untracked |  0
|  93|0x0000000716a00000, 0x0000000716a00000, 0x0000000716c00000|  0%| F|  |TAMS 0x0000000716a00000| PB 0x0000000716a00000| Untracked |  0
|  94|0x0000000716c00000, 0x0000000716c00000, 0x0000000716e00000|  0%| F|  |TAMS 0x0000000716c00000| PB 0x0000000716c00000| Untracked |  0
|  95|0x0000000716e00000, 0x0000000716e00000, 0x0000000717000000|  0%| F|  |TAMS 0x0000000716e00000| PB 0x0000000716e00000| Untracked |  0
|  96|0x0000000717000000, 0x0000000717000000, 0x0000000717200000|  0%| F|  |TAMS 0x0000000717000000| PB 0x0000000717000000| Untracked |  0
|  97|0x0000000717200000, 0x0000000717200000, 0x0000000717400000|  0%| F|  |TAMS 0x0000000717200000| PB 0x0000000717200000| Untracked |  0
|  98|0x0000000717400000, 0x0000000717400000, 0x0000000717600000|  0%| F|  |TAMS 0x0000000717400000| PB 0x0000000717400000| Untracked |  0
|  99|0x0000000717600000, 0x0000000717600000, 0x0000000717800000|  0%| F|  |TAMS 0x0000000717600000| PB 0x0000000717600000| Untracked |  0
| 100|0x0000000717800000, 0x0000000717800000, 0x0000000717a00000|  0%| F|  |TAMS 0x0000000717800000| PB 0x0000000717800000| Untracked |  0
| 101|0x0000000717a00000, 0x0000000717a00000, 0x0000000717c00000|  0%| F|  |TAMS 0x0000000717a00000| PB 0x0000000717a00000| Untracked |  0
| 102|0x0000000717c00000, 0x0000000717c00000, 0x0000000717e00000|  0%| F|  |TAMS 0x0000000717c00000| PB 0x0000000717c00000| Untracked |  0
| 103|0x0000000717e00000, 0x0000000717e00000, 0x0000000718000000|  0%| F|  |TAMS 0x0000000717e00000| PB 0x0000000717e00000| Untracked |  0
| 104|0x0000000718000000, 0x0000000718000000, 0x0000000718200000|  0%| F|  |TAMS 0x0000000718000000| PB 0x0000000718000000| Untracked |  0
| 105|0x0000000718200000, 0x0000000718200000, 0x0000000718400000|  0%| F|  |TAMS 0x0000000718200000| PB 0x0000000718200000| Untracked |  0
| 106|0x0000000718400000, 0x0000000718400000, 0x0000000718600000|  0%| F|  |TAMS 0x0000000718400000| PB 0x0000000718400000| Untracked |  0
| 107|0x0000000718600000, 0x0000000718600000, 0x0000000718800000|  0%| F|  |TAMS 0x0000000718600000| PB 0x0000000718600000| Untracked |  0
| 108|0x0000000718800000, 0x0000000718800000, 0x0000000718a00000|  0%| F|  |TAMS 0x0000000718800000| PB 0x0000000718800000| Untracked |  0
| 109|0x0000000718a00000, 0x0000000718c00000, 0x0000000718c00000|100%| S|CS|TAMS 0x0000000718a00000| PB 0x0000000718a00000| Complete |  0
| 110|0x0000000718c00000, 0x0000000718e00000, 0x0000000718e00000|100%| S|CS|TAMS 0x0000000718c00000| PB 0x0000000718c00000| Complete |  0
| 111|0x0000000718e00000, 0x0000000718e00000, 0x0000000719000000|  0%| F|  |TAMS 0x0000000718e00000| PB 0x0000000718e00000| Untracked |  0
| 112|0x0000000719000000, 0x0000000719000000, 0x0000000719200000|  0%| F|  |TAMS 0x0000000719000000| PB 0x0000000719000000| Untracked |  0
| 113|0x0000000719200000, 0x0000000719200000, 0x0000000719400000|  0%| F|  |TAMS 0x0000000719200000| PB 0x0000000719200000| Untracked |  0
| 114|0x0000000719400000, 0x0000000719400000, 0x0000000719600000|  0%| F|  |TAMS 0x0000000719400000| PB 0x0000000719400000| Untracked |  0
| 115|0x0000000719600000, 0x00000007196c1cc0, 0x0000000719800000| 37%| E|  |TAMS 0x0000000719600000| PB 0x0000000719600000| Complete |  0
| 116|0x0000000719800000, 0x0000000719a00000, 0x0000000719a00000|100%| E|CS|TAMS 0x0000000719800000| PB 0x0000000719800000| Complete |  0
| 117|0x0000000719a00000, 0x0000000719c00000, 0x0000000719c00000|100%| E|  |TAMS 0x0000000719a00000| PB 0x0000000719a00000| Complete |  0
| 118|0x0000000719c00000, 0x0000000719e00000, 0x0000000719e00000|100%| E|CS|TAMS 0x0000000719c00000| PB 0x0000000719c00000| Complete |  0
| 119|0x0000000719e00000, 0x000000071a000000, 0x000000071a000000|100%| E|CS|TAMS 0x0000000719e00000| PB 0x0000000719e00000| Complete |  0
| 120|0x000000071a000000, 0x000000071a200000, 0x000000071a200000|100%| E|CS|TAMS 0x000000071a000000| PB 0x000000071a000000| Complete |  0
| 121|0x000000071a200000, 0x000000071a400000, 0x000000071a400000|100%| E|CS|TAMS 0x000000071a200000| PB 0x000000071a200000| Complete |  0
| 122|0x000000071a400000, 0x000000071a600000, 0x000000071a600000|100%| E|CS|TAMS 0x000000071a400000| PB 0x000000071a400000| Complete |  0

Card table byte_map: [0x0000013225df0000,0x00000132265a0000] _byte_map_base: 0x0000013222598000

Marking Bits: (CMBitMap*) 0x000001320d5c4350
 Bits: [0x00000132265a0000, 0x000001322a2e0000)

Polling page: 0x000001320b440000

Metaspace:

Usage:
  Non-class:     14.49 MB used.
      Class:      2.06 MB used.
       Both:     16.55 MB used.

Virtual space:
  Non-class space:       64.00 MB reserved,      14.62 MB ( 23%) committed,  1 nodes.
      Class space:        1.00 GB reserved,       2.19 MB ( <1%) committed,  1 nodes.
             Both:        1.06 GB reserved,      16.81 MB (  2%) committed. 

Chunk freelists:
   Non-Class:  998.00 KB
       Class:  13.70 MB
        Both:  14.68 MB

MaxMetaspaceSize: unlimited
CompressedClassSpaceSize: 1.00 GB
Initial GC threshold: 21.00 MB
Current GC threshold: 21.00 MB
CDS: on
 - commit_granule_bytes: 65536.
 - commit_granule_words: 8192.
 - virtual_space_node_default_size: 8388608.
 - enlarge_chunks_in_place: 1.
 - use_allocation_guard: 0.


Internal statistics:

num_allocs_failed_limit: 0.
num_arena_births: 246.
num_arena_deaths: 0.
num_vsnodes_births: 2.
num_vsnodes_deaths: 0.
num_space_committed: 269.
num_space_uncommitted: 0.
num_chunks_returned_to_freelist: 0.
num_chunks_taken_from_freelist: 501.
num_chunk_merges: 0.
num_chunk_splits: 255.
num_chunks_enlarged: 129.
num_inconsistent_stats: 0.

CodeHeap 'non-profiled nmethods': size=119232Kb used=897Kb max_used=897Kb free=118335Kb
 bounds [0x000001321d820000, 0x000001321da90000, 0x0000013224c90000]
CodeHeap 'profiled nmethods': size=119104Kb used=5358Kb max_used=5358Kb free=113745Kb
 bounds [0x0000013215c90000, 0x00000132161d0000, 0x000001321d0e0000]
CodeHeap 'non-nmethods': size=7424Kb used=2390Kb max_used=3545Kb free=5033Kb
 bounds [0x000001321d0e0000, 0x000001321d460000, 0x000001321d820000]
CodeCache: size=245760Kb, used=8645Kb, max_used=9800Kb, free=237113Kb
 total_blobs=4180, nmethods=3459, adapters=624, full_count=0
Compilation: enabled, stopped_count=0, restarted_count=0

Compilation events (20 events):
Event: 20.565 Thread 0x000001327d9ad810 nmethod 3450 0x00000132161c8908 code [0x00000132161c8a40, 0x00000132161c9038]
Event: 20.566 Thread 0x000001327d9ad810 3451       3       java.lang.invoke.MemberName::getFactory (4 bytes)
Event: 20.566 Thread 0x000001327d9ad810 nmethod 3451 0x00000132161c9088 code [0x00000132161c91a0, 0x00000132161c9298]
Event: 20.566 Thread 0x000001322d354300 nmethod 3449 0x000001321d8ffd88 code [0x000001321d8ffec0, 0x000001321d9000c0]
Event: 20.567 Thread 0x000001322d349f70 3452       3       java.util.concurrent.ConcurrentHashMap$ValuesView::iterator (34 bytes)
Event: 20.567 Thread 0x000001327d9ad810 3453       3       java.util.concurrent.ConcurrentHashMap$ValueIterator::<init> (12 bytes)
Event: 20.567 Thread 0x000001327d9ad810 nmethod 3453 0x00000132161c9388 code [0x00000132161c94a0, 0x00000132161c95d8]
Event: 20.567 Thread 0x000001322d349f70 nmethod 3452 0x00000132161c9688 code [0x00000132161c97c0, 0x00000132161c99e8]
Event: 20.567 Thread 0x000001322d349f70 3454       3       jdk.internal.util.ReferencedKeySet::intern (9 bytes)
Event: 20.567 Thread 0x000001327d9ad810 3455       3       jdk.internal.util.ReferencedKeyMap::intern (18 bytes)
Event: 20.567 Thread 0x000001322d349f70 nmethod 3454 0x00000132161c9a08 code [0x00000132161c9b40, 0x00000132161c9d58]
Event: 20.567 Thread 0x000001322d349f70 3456       3       java.util.Collections$3::hasMoreElements (10 bytes)
Event: 20.568 Thread 0x000001322d349f70 nmethod 3456 0x00000132161c9d88 code [0x00000132161c9ea0, 0x00000132161ca080]
Event: 20.568 Thread 0x000001322d349f70 3457       1       java.util.concurrent.CopyOnWriteArrayList::getArray (5 bytes)
Event: 20.568 Thread 0x000001322d349f70 nmethod 3457 0x000001321d900108 code [0x000001321d900220, 0x000001321d9002f0]
Event: 20.568 Thread 0x000001322d349f70 3458       3       jdk.internal.loader.BootLoader::getNativeLibraries (4 bytes)
Event: 20.568 Thread 0x000001322d349f70 nmethod 3458 0x00000132161ca108 code [0x00000132161ca220, 0x00000132161ca318]
Event: 20.568 Thread 0x000001327d9ad810 nmethod 3455 0x00000132161ca408 code [0x00000132161ca620, 0x00000132161cb288]
Event: 20.568 Thread 0x000001322d349f70 3459       3       sun.swing.SwingUtilities2::getFontCharsWidth (45 bytes)
Event: 20.568 Thread 0x000001322d349f70 nmethod 3459 0x00000132161cb308 code [0x00000132161cb4a0, 0x00000132161cb908]

GC Heap History (2 events):
Event: 0.739 GC heap before
{Heap before GC invocations=0 (full 0):
 garbage-first heap   total reserved 4014080K, committed 251904K, used 22528K [0x000000070b000000, 0x0000000800000000)
  region size 2048K, 12 young (24576K), 0 survivors (0K)
 Metaspace       used 13841K, committed 14080K, reserved 1114112K
  class space    used 1801K, committed 1920K, reserved 1048576K
}
Event: 0.748 GC heap after
{Heap after GC invocations=1 (full 0):
 garbage-first heap   total reserved 4014080K, committed 251904K, used 4852K [0x000000070b000000, 0x0000000800000000)
  region size 2048K, 2 young (4096K), 2 survivors (4096K)
 Metaspace       used 13841K, committed 14080K, reserved 1114112K
  class space    used 1801K, committed 1920K, reserved 1048576K
}

Dll operation events (15 events):
Event: 0.006 Loaded shared library C:\Users\LOQ\.jdks\openjdk-23.0.1\bin\java.dll
Event: 0.048 Loaded shared library C:\Users\LOQ\.jdks\openjdk-23.0.1\bin\jsvml.dll
Event: 0.082 Loaded shared library C:\Users\LOQ\.jdks\openjdk-23.0.1\bin\zip.dll
Event: 0.084 Loaded shared library C:\Users\LOQ\.jdks\openjdk-23.0.1\bin\instrument.dll
Event: 0.086 Loaded shared library C:\Users\LOQ\.jdks\openjdk-23.0.1\bin\net.dll
Event: 0.087 Loaded shared library C:\Users\LOQ\.jdks\openjdk-23.0.1\bin\nio.dll
Event: 0.090 Loaded shared library C:\Users\LOQ\.jdks\openjdk-23.0.1\bin\zip.dll
Event: 0.098 Loaded shared library C:\Program Files\JetBrains\IntelliJ IDEA Community Edition 2024.2.2\bin\breakgen64.dll
Event: 0.105 Loaded shared library C:\Users\LOQ\.jdks\openjdk-23.0.1\bin\extnet.dll
Event: 0.149 Loaded shared library C:\Users\LOQ\.jdks\openjdk-23.0.1\bin\jimage.dll
Event: 0.186 Loaded shared library C:\Users\LOQ\.jdks\openjdk-23.0.1\bin\verify.dll
Event: 0.397 Loaded shared library C:\Users\LOQ\.jdks\openjdk-23.0.1\bin\awt.dll
Event: 0.620 Loaded shared library C:\Users\LOQ\.jdks\openjdk-23.0.1\bin\freetype.dll
Event: 0.620 Loaded shared library C:\Users\LOQ\.jdks\openjdk-23.0.1\bin\fontmanager.dll
Event: 5.813 Loaded shared library C:\Users\LOQ\.jdks\openjdk-23.0.1\bin\javajpeg.dll

Deoptimization events (20 events):
Event: 7.415 Thread 0x000001320d55def0 DEOPT PACKING pc=0x000001321d86bde0 sp=0x0000001d123fd500
Event: 7.415 Thread 0x000001320d55def0 DEOPT UNPACKING pc=0x000001321d137982 sp=0x0000001d123fd490 mode 2
Event: 7.416 Thread 0x000001320d55def0 DEOPT PACKING pc=0x0000013215cf2af1 sp=0x0000001d123fd460
Event: 7.416 Thread 0x000001320d55def0 DEOPT UNPACKING pc=0x000001321d1384c2 sp=0x0000001d123fc8d0 mode 0
Event: 7.416 Thread 0x000001320d55def0 DEOPT PACKING pc=0x0000013215cd843f sp=0x0000001d123fd270
Event: 7.416 Thread 0x000001320d55def0 DEOPT UNPACKING pc=0x000001321d1384c2 sp=0x0000001d123fc6e8 mode 0
Event: 14.113 Thread 0x00000132739b7030 DEOPT PACKING pc=0x00000132160c484c sp=0x0000001d137fded0
Event: 14.113 Thread 0x00000132739b7030 DEOPT UNPACKING pc=0x000001321d1384c2 sp=0x0000001d137fd2c0 mode 0
Event: 19.034 Thread 0x0000013273c315d0 DEOPT PACKING pc=0x0000013216065cf6 sp=0x0000001d134fe0e0
Event: 19.034 Thread 0x0000013273c315d0 DEOPT UNPACKING pc=0x000001321d1384c2 sp=0x0000001d134fd558 mode 0
Event: 19.034 Thread 0x0000013273c315d0 DEOPT PACKING pc=0x0000013216065cf6 sp=0x0000001d134fe0e0
Event: 19.034 Thread 0x0000013273c315d0 DEOPT UNPACKING pc=0x000001321d1384c2 sp=0x0000001d134fd558 mode 0
Event: 19.035 Thread 0x0000013273c315d0 DEOPT PACKING pc=0x0000013216065cf6 sp=0x0000001d134fe0e0
Event: 19.035 Thread 0x0000013273c315d0 DEOPT UNPACKING pc=0x000001321d1384c2 sp=0x0000001d134fd558 mode 0
Event: 19.035 Thread 0x0000013273c315d0 DEOPT PACKING pc=0x0000013216065cf6 sp=0x0000001d134fe0e0
Event: 19.035 Thread 0x0000013273c315d0 DEOPT UNPACKING pc=0x000001321d1384c2 sp=0x0000001d134fd558 mode 0
Event: 19.035 Thread 0x0000013273c315d0 DEOPT PACKING pc=0x0000013216065cf6 sp=0x0000001d134fe0e0
Event: 19.035 Thread 0x0000013273c315d0 DEOPT UNPACKING pc=0x000001321d1384c2 sp=0x0000001d134fd558 mode 0
Event: 19.035 Thread 0x0000013273c315d0 DEOPT PACKING pc=0x0000013216065cf6 sp=0x0000001d134fe0e0
Event: 19.035 Thread 0x0000013273c315d0 DEOPT UNPACKING pc=0x000001321d1384c2 sp=0x0000001d134fd558 mode 0

Classes loaded (20 events):
Event: 20.549 Loading class javax/swing/JTable$PrintMode
Event: 20.549 Loading class javax/swing/JTable$PrintMode done
Event: 20.549 Loading class javax/swing/table/DefaultTableCellRenderer$UIResource
Event: 20.549 Loading class javax/swing/table/DefaultTableCellRenderer$UIResource done
Event: 20.550 Loading class javax/swing/JTable$BooleanRenderer
Event: 20.550 Loading class javax/swing/JTable$BooleanRenderer done
Event: 20.560 Loading class sun/awt/windows/WInputMethod$1
Event: 20.560 Loading class sun/awt/windows/WInputMethod$1 done
Event: 20.565 Loading class java/util/concurrent/CompletableFuture
Event: 20.565 Loading class java/util/concurrent/CompletionStage
Event: 20.565 Loading class java/util/concurrent/CompletionStage done
Event: 20.565 Loading class java/util/concurrent/CompletableFuture done
Event: 20.565 Loading class java/util/concurrent/CompletableFuture$AltResult
Event: 20.565 Loading class java/util/concurrent/CompletableFuture$AltResult done
Event: 20.566 Loading class java/util/concurrent/CompletableFuture$Completion
Event: 20.566 Loading class java/util/concurrent/CompletableFuture$AsynchronousCompletionTask
Event: 20.566 Loading class java/util/concurrent/CompletableFuture$AsynchronousCompletionTask done
Event: 20.566 Loading class java/util/concurrent/CompletableFuture$Completion done
Event: 20.566 Loading class java/awt/font/TextHitInfo
Event: 20.566 Loading class java/awt/font/TextHitInfo done

Classes unloaded (0 events):
No events

Classes redefined (0 events):
No events

Internal exceptions (20 events):
Event: 0.331 Thread 0x000001320d55def0 Exception <a 'java/lang/NoSuchMethodError'{0x00000007197e0ec0}: 'int java.lang.invoke.DirectMethodHandle$Holder.invokeStatic(java.lang.Object, java.lang.Object, java.lang.Object, java.lang.Object, java.lang.Object)'> (0x00000007197e0ec0) 
thrown [s\open\src\hotspot\share\interpreter\linkResolver.cpp, line 796]
Event: 0.338 Thread 0x000001320d55def0 Exception <a 'java/lang/NoSuchMethodError'{0x0000000719420b50}: 'void java.lang.invoke.DirectMethodHandle$Holder.invokeStaticInit(java.lang.Object)'> (0x0000000719420b50) 
thrown [s\open\src\hotspot\share\interpreter\linkResolver.cpp, line 796]
Event: 0.352 Thread 0x000001320d55def0 Exception <a 'java/lang/NoSuchMethodError'{0x00000007194e0b38}: 'int java.lang.invoke.DirectMethodHandle$Holder.invokeStaticInit(java.lang.Object, java.lang.Object)'> (0x00000007194e0b38) 
thrown [s\open\src\hotspot\share\interpreter\linkResolver.cpp, line 796]
Event: 0.374 Thread 0x000001320d55def0 Exception <a 'java/lang/NoSuchMethodError'{0x00000007195b28e8}: 'java.lang.Object java.lang.invoke.DirectMethodHandle$Holder.newInvokeSpecial(java.lang.Object, java.lang.Object, java.lang.Object, java.lang.Object, java.lang.Object, java.lang.Object, java.lang.Object)'> (0x00000007195b28e8) 
thrown [s\open\src\hotspot\share\interpreter\linkResolver.cpp, line 796]
Event: 0.375 Thread 0x000001320d55def0 Exception <a 'java/lang/NoSuchMethodError'{0x00000007195b9580}: 'java.lang.Object java.lang.invoke.DirectMethodHandle$Holder.invokeInterface(java.lang.Object, java.lang.Object, java.lang.Object, java.lang.Object, java.lang.Object)'> (0x00000007195b9580) 
thrown [s\open\src\hotspot\share\interpreter\linkResolver.cpp, line 796]
Event: 0.375 Thread 0x000001320d55def0 Exception <a 'java/lang/IncompatibleClassChangeError'{0x00000007195bd0d0}: Found class java.lang.Object, but interface was expected> (0x00000007195bd0d0) 
thrown [s\open\src\hotspot\share\interpreter\linkResolver.cpp, line 863]
Event: 0.378 Thread 0x000001320d55def0 Exception <a 'java/lang/NoSuchMethodError'{0x00000007195ee830}: 'int java.lang.invoke.DirectMethodHandle$Holder.invokeInterface(java.lang.Object, java.lang.Object)'> (0x00000007195ee830) 
thrown [s\open\src\hotspot\share\interpreter\linkResolver.cpp, line 796]
Event: 0.380 Thread 0x000001320d55def0 Exception <a 'java/lang/IncompatibleClassChangeError'{0x00000007192108f8}: Found class java.lang.Object, but interface was expected> (0x00000007192108f8) 
thrown [s\open\src\hotspot\share\interpreter\linkResolver.cpp, line 863]
Event: 0.388 Thread 0x000001320d55def0 Exception <a 'java/lang/NoSuchMethodError'{0x000000071925f6d8}: 'void java.lang.invoke.DirectMethodHandle$Holder.invokeVirtual(java.lang.Object, java.lang.Object)'> (0x000000071925f6d8) 
thrown [s\open\src\hotspot\share\interpreter\linkResolver.cpp, line 796]
Event: 0.395 Thread 0x000001320d55def0 Exception <a 'java/lang/ClassNotFoundException'{0x0000000719279ef0}: sun/awt/resources/spi/awtProvider> (0x0000000719279ef0) 
thrown [s\open\src\hotspot\share\classfile\systemDictionary.cpp, line 313]
Event: 0.401 Thread 0x000001320d55def0 Exception <a 'java/io/FileNotFoundException'{0x00000007192bd7e8}> (0x00000007192bd7e8) 
thrown [s\open\src\hotspot\share\prims\jni.cpp, line 520]
Event: 0.403 Thread 0x000001320d55def0 Exception <a 'java/io/FileNotFoundException'{0x00000007192ebd18}> (0x00000007192ebd18) 
thrown [s\open\src\hotspot\share\prims\jni.cpp, line 520]
Event: 0.556 Thread 0x000001320d55def0 Exception <a 'java/lang/NoSuchMethodError'{0x0000000719063cf8}: 'java.lang.Object java.lang.invoke.DirectMethodHandle$Holder.invokeStatic(java.lang.Object, int, java.lang.Object)'> (0x0000000719063cf8) 
thrown [s\open\src\hotspot\share\interpreter\linkResolver.cpp, line 796]
Event: 0.564 Thread 0x000001320d55def0 Exception <a 'java/lang/ClassNotFoundException'{0x0000000719105f90}: com/sun/swing/internal/plaf/metal/resources/spi/metalProvider> (0x0000000719105f90) 
thrown [s\open\src\hotspot\share\classfile\systemDictionary.cpp, line 313]
Event: 0.565 Thread 0x000001320d55def0 Exception <a 'java/lang/ClassNotFoundException'{0x000000071910a750}: com/sun/swing/internal/plaf/basic/resources/spi/basicProvider> (0x000000071910a750) 
thrown [s\open\src\hotspot\share\classfile\systemDictionary.cpp, line 313]
Event: 0.571 Thread 0x000001320d55def0 Exception <a 'java/lang/NoSuchMethodError'{0x0000000719127b58}: 'int java.lang.invoke.Invokers$Holder.invokeExact_MT(java.lang.Object, java.lang.Object)'> (0x0000000719127b58) 
thrown [s\open\src\hotspot\share\interpreter\linkResolver.cpp, line 796]
Event: 0.572 Thread 0x000001320d55def0 Implicit null exception at 0x000001321d882f89 to 0x000001321d8831f8
Event: 0.711 Thread 0x0000013273bb28f0 Exception <a 'java/lang/NoSuchMethodError'{0x0000000718f7f3b0}: 'java.lang.Object java.lang.invoke.DirectMethodHandle$Holder.newInvokeSpecial(java.lang.Object, java.lang.Object, java.lang.Object, int, int, int, int, int)'> (0x0000000718f7f3b0) 
thrown [s\open\src\hotspot\share\interpreter\linkResolver.cpp, line 796]
Event: 1.030 Thread 0x000001320d55def0 Exception <a 'java/lang/NoSuchMethodError'{0x000000071a47ab50}: 'int java.lang.invoke.DirectMethodHandle$Holder.invokeStatic(java.lang.Object)'> (0x000000071a47ab50) 
thrown [s\open\src\hotspot\share\interpreter\linkResolver.cpp, line 796]
Event: 7.404 Thread 0x000001320d55def0 Exception <a 'java/lang/IncompatibleClassChangeError'{0x0000000719eff928}: Found class java.lang.Object, but interface was expected> (0x0000000719eff928) 
thrown [s\open\src\hotspot\share\interpreter\linkResolver.cpp, line 863]

VM Operations (20 events):
Event: 0.376 Executing VM operation: HandshakeAllThreads (Deoptimize)
Event: 0.376 Executing VM operation: HandshakeAllThreads (Deoptimize) done
Event: 0.385 Executing VM operation: HandshakeAllThreads (Deoptimize)
Event: 0.385 Executing VM operation: HandshakeAllThreads (Deoptimize) done
Event: 0.409 Executing VM operation: HandshakeAllThreads (Deoptimize)
Event: 0.409 Executing VM operation: HandshakeAllThreads (Deoptimize) done
Event: 0.574 Executing VM operation: HandshakeAllThreads (Deoptimize)
Event: 0.574 Executing VM operation: HandshakeAllThreads (Deoptimize) done
Event: 0.649 Executing VM operation: HandshakeAllThreads (Deoptimize)
Event: 0.649 Executing VM operation: HandshakeAllThreads (Deoptimize) done
Event: 0.735 Executing VM operation: HandshakeAllThreads (Deoptimize)
Event: 0.735 Executing VM operation: HandshakeAllThreads (Deoptimize) done
Event: 0.739 Executing VM operation: G1CollectForAllocation (G1 Evacuation Pause)
Event: 0.748 Executing VM operation: G1CollectForAllocation (G1 Evacuation Pause) done
Event: 2.270 Executing VM operation: HandshakeAllThreads (Deoptimize)
Event: 2.270 Executing VM operation: HandshakeAllThreads (Deoptimize) done
Event: 14.112 Executing VM operation: HandshakeAllThreads (Deoptimize)
Event: 14.113 Executing VM operation: HandshakeAllThreads (Deoptimize) done
Event: 20.514 Executing VM operation: HandshakeAllThreads (Deoptimize)
Event: 20.514 Executing VM operation: HandshakeAllThreads (Deoptimize) done

Memory protections (0 events):
No events

Nmethod flushes (0 events):
No events

Events (20 events):
Event: 13.296 Thread 0x000001320d55def0 Thread added: 0x0000013273c315d0
Event: 13.297 Thread 0x000001320d55def0 Thread added: 0x0000013273c31c60
Event: 13.297 Thread 0x0000013273c315d0 Thread exited: 0x0000013273c315d0
Event: 13.298 Thread 0x0000013273c31c60 Thread exited: 0x0000013273c31c60
Event: 13.307 Thread 0x000001320d55def0 Thread added: 0x0000013273c315d0
Event: 13.309 Thread 0x0000013273c315d0 Thread exited: 0x0000013273c315d0
Event: 16.601 Thread 0x00000132739b7030 Thread added: 0x0000013273c31c60
Event: 16.603 Thread 0x0000013273c31c60 Thread exited: 0x0000013273c31c60
Event: 18.238 Thread 0x0000013273c322f0 Thread exited: 0x0000013273c322f0
Event: 19.032 Thread 0x000001320d55def0 Thread added: 0x0000013273c315d0
Event: 20.494 Thread 0x000001322d349f70 Thread added: 0x000001327d9ad810
Event: 20.567 Thread 0x000001320d55def0 Thread added: 0x0000013273c32980
Event: 20.567 Thread 0x000001320d55def0 Thread added: 0x0000013273c322f0
Event: 20.567 Thread 0x000001320d55def0 Thread added: 0x0000013273c33010
Event: 20.567 Thread 0x000001320d55def0 Thread added: 0x0000013273071a30
Event: 20.567 Thread 0x0000013273c322f0 Thread exited: 0x0000013273c322f0
Event: 20.567 Thread 0x0000013273c32980 Thread exited: 0x0000013273c32980
Event: 20.567 Thread 0x0000013273071a30 Thread exited: 0x0000013273071a30
Event: 20.568 Thread 0x0000013273afc520 Thread exited: 0x0000013273afc520
Event: 20.569 Thread 0x0000013273c336a0 Thread exited: 0x0000013273c336a0


Dynamic libraries:
0x00007ff73b280000 - 0x00007ff73b28e000 	C:\Users\LOQ\.jdks\openjdk-23.0.1\bin\java.exe
0x00007ffd2ceb0000 - 0x00007ffd2d0c7000 	C:\WINDOWS\SYSTEM32\ntdll.dll
0x00007ffd2b7a0000 - 0x00007ffd2b864000 	C:\WINDOWS\System32\KERNEL32.DLL
0x00007ffd2a2a0000 - 0x00007ffd2a65a000 	C:\WINDOWS\System32\KERNELBASE.dll
0x00007ffd2a660000 - 0x00007ffd2a771000 	C:\WINDOWS\System32\ucrtbase.dll
0x00007ffd237c0000 - 0x00007ffd237d7000 	C:\Users\LOQ\.jdks\openjdk-23.0.1\bin\jli.dll
0x00007ffd26380000 - 0x00007ffd2639b000 	C:\Users\LOQ\.jdks\openjdk-23.0.1\bin\VCRUNTIME140.dll
0x00007ffd2b180000 - 0x00007ffd2b32e000 	C:\WINDOWS\System32\USER32.dll
0x00007ffd2ab50000 - 0x00007ffd2ab76000 	C:\WINDOWS\System32\win32u.dll
0x00007ffd168d0000 - 0x00007ffd16b62000 	C:\WINDOWS\WinSxS\amd64_microsoft.windows.common-controls_6595b64144ccf1df_6.0.22621.4541_none_2710d1c57384c085\COMCTL32.dll
0x00007ffd2b150000 - 0x00007ffd2b179000 	C:\WINDOWS\System32\GDI32.dll
0x00007ffd2b6f0000 - 0x00007ffd2b797000 	C:\WINDOWS\System32\msvcrt.dll
0x00007ffd2a970000 - 0x00007ffd2aa8b000 	C:\WINDOWS\System32\gdi32full.dll
0x00007ffd2a200000 - 0x00007ffd2a29a000 	C:\WINDOWS\System32\msvcp_win.dll
0x00007ffd2af60000 - 0x00007ffd2af91000 	C:\WINDOWS\System32\IMM32.DLL
0x00007ffd257e0000 - 0x00007ffd257ec000 	C:\Users\LOQ\.jdks\openjdk-23.0.1\bin\vcruntime140_1.dll
0x00007ffd12420000 - 0x00007ffd124ae000 	C:\Users\LOQ\.jdks\openjdk-23.0.1\bin\msvcp140.dll
0x00007ffce26f0000 - 0x00007ffce343f000 	C:\Users\LOQ\.jdks\openjdk-23.0.1\bin\server\jvm.dll
0x00007ffd2b870000 - 0x00007ffd2b922000 	C:\WINDOWS\System32\ADVAPI32.dll
0x00007ffd2c630000 - 0x00007ffd2c6d7000 	C:\WINDOWS\System32\sechost.dll
0x00007ffd2ab80000 - 0x00007ffd2aba8000 	C:\WINDOWS\System32\bcrypt.dll
0x00007ffd2cb70000 - 0x00007ffd2cc84000 	C:\WINDOWS\System32\RPCRT4.dll
0x00007ffd2caf0000 - 0x00007ffd2cb61000 	C:\WINDOWS\System32\WS2_32.dll
0x00007ffd28fe0000 - 0x00007ffd2902d000 	C:\WINDOWS\SYSTEM32\POWRPROF.dll
0x00007ffd22e60000 - 0x00007ffd22e94000 	C:\WINDOWS\SYSTEM32\WINMM.dll
0x00007ffd21ae0000 - 0x00007ffd21aea000 	C:\WINDOWS\SYSTEM32\VERSION.dll
0x00007ffd28fc0000 - 0x00007ffd28fd3000 	C:\WINDOWS\SYSTEM32\UMPDC.dll
0x00007ffd29290000 - 0x00007ffd292a8000 	C:\WINDOWS\SYSTEM32\kernel.appcore.dll
0x00007ffd257a0000 - 0x00007ffd257aa000 	C:\Users\LOQ\.jdks\openjdk-23.0.1\bin\jimage.dll
0x00007ffd275d0000 - 0x00007ffd27802000 	C:\WINDOWS\SYSTEM32\DBGHELP.DLL
0x00007ffd2abb0000 - 0x00007ffd2af3f000 	C:\WINDOWS\System32\combase.dll
0x00007ffd2cc90000 - 0x00007ffd2cd67000 	C:\WINDOWS\System32\OLEAUT32.dll
0x00007ffd206d0000 - 0x00007ffd20702000 	C:\WINDOWS\SYSTEM32\dbgcore.DLL
0x00007ffd2a8f0000 - 0x00007ffd2a96b000 	C:\WINDOWS\System32\bcryptPrimitives.dll
0x00007ffd18fa0000 - 0x00007ffd18faf000 	C:\Users\LOQ\.jdks\openjdk-23.0.1\bin\instrument.dll
0x00007ffd1dad0000 - 0x00007ffd1daee000 	C:\Users\LOQ\.jdks\openjdk-23.0.1\bin\java.dll
0x00007ffd2b430000 - 0x00007ffd2b5d5000 	C:\WINDOWS\System32\ole32.dll
0x00007ffd2b930000 - 0x00007ffd2c1a8000 	C:\WINDOWS\System32\SHELL32.dll
0x00007ffd28080000 - 0x00007ffd28988000 	C:\WINDOWS\SYSTEM32\windows.storage.dll
0x00007ffd27f40000 - 0x00007ffd2807f000 	C:\WINDOWS\SYSTEM32\wintypes.dll
0x00007ffd2cd70000 - 0x00007ffd2ce6a000 	C:\WINDOWS\System32\SHCORE.dll
0x00007ffd2afa0000 - 0x00007ffd2affe000 	C:\WINDOWS\System32\shlwapi.dll
0x00007ffd2a0b0000 - 0x00007ffd2a0db000 	C:\WINDOWS\SYSTEM32\profapi.dll
0x00007ffd12340000 - 0x00007ffd12417000 	C:\Users\LOQ\.jdks\openjdk-23.0.1\bin\jsvml.dll
0x00007ffd1da70000 - 0x00007ffd1da87000 	C:\Users\LOQ\.jdks\openjdk-23.0.1\bin\zip.dll
0x00007ffd24920000 - 0x00007ffd24930000 	C:\Users\LOQ\.jdks\openjdk-23.0.1\bin\net.dll
0x00007ffd29730000 - 0x00007ffd29799000 	C:\WINDOWS\system32\mswsock.dll
0x00007ffd1da90000 - 0x00007ffd1daa6000 	C:\Users\LOQ\.jdks\openjdk-23.0.1\bin\nio.dll
0x00007ffd13ac0000 - 0x00007ffd13ada000 	C:\Program Files\JetBrains\IntelliJ IDEA Community Edition 2024.2.2\bin\breakgen64.dll
0x00007ffd238c0000 - 0x00007ffd238c9000 	C:\Users\LOQ\.jdks\openjdk-23.0.1\bin\extnet.dll
0x00007ffd18fe0000 - 0x00007ffd18ff0000 	C:\Users\LOQ\.jdks\openjdk-23.0.1\bin\verify.dll
0x00007ffce3f70000 - 0x00007ffce40fd000 	C:\Users\LOQ\.jdks\openjdk-23.0.1\bin\awt.dll
0x00007ffd25390000 - 0x00007ffd25427000 	C:\WINDOWS\SYSTEM32\apphelp.dll
0x00007ffd272a0000 - 0x00007ffd272cb000 	C:\WINDOWS\system32\DWMAPI.DLL
0x00007ffd27010000 - 0x00007ffd270c1000 	C:\WINDOWS\system32\uxtheme.dll
0x00007ffcac1c0000 - 0x00007ffcac2c0000 	C:\WINDOWS\system32\opengl32.dll
0x00007ffcb2630000 - 0x00007ffcb265d000 	C:\WINDOWS\SYSTEM32\GLU32.dll
0x00007ffd27870000 - 0x00007ffd278a7000 	C:\WINDOWS\SYSTEM32\dxcore.dll
0x00007ffce7520000 - 0x00007ffce7653000 	C:\ProgramData\A-Volute\A-Volute.Nahimic\Modules\Scheduled\x64\AudioDevProps2.dll
0x00007ffd2c980000 - 0x00007ffd2cae1000 	C:\WINDOWS\System32\MSCTF.dll
0x00007ffd2c1b0000 - 0x00007ffd2c624000 	C:\WINDOWS\System32\SETUPAPI.dll
0x00007ffd27190000 - 0x00007ffd27287000 	C:\WINDOWS\SYSTEM32\dxgi.dll
0x00007ffcf4f90000 - 0x00007ffcf5017000 	C:\Users\LOQ\.jdks\openjdk-23.0.1\bin\freetype.dll
0x00007ffce65d0000 - 0x00007ffce66a7000 	C:\Users\LOQ\.jdks\openjdk-23.0.1\bin\fontmanager.dll
0x00007ffd2c700000 - 0x00007ffd2c7b0000 	C:\WINDOWS\System32\clbcatq.dll
0x00007ffd26e20000 - 0x00007ffd26fd0000 	C:\WINDOWS\SYSTEM32\WindowsCodecs.dll
0x00007ffd069a0000 - 0x00007ffd069fe000 	C:\WINDOWS\system32\dataexchange.dll
0x00007ffd1fa50000 - 0x00007ffd1fcf4000 	C:\WINDOWS\system32\twinapi.appcore.dll
0x00007ffd14f30000 - 0x00007ffd15075000 	C:\WINDOWS\SYSTEM32\textinputframework.dll
0x00007ffd24c80000 - 0x00007ffd24db3000 	C:\WINDOWS\SYSTEM32\CoreMessaging.dll
0x00007ffd21f00000 - 0x00007ffd2226d000 	C:\WINDOWS\SYSTEM32\CoreUIComponents.dll
0x00007ffd299a0000 - 0x00007ffd299ac000 	C:\WINDOWS\SYSTEM32\CRYPTBASE.DLL
0x00007ffd16520000 - 0x00007ffd165d3000 	C:\WINDOWS\WinSxS\amd64_microsoft.windows.common-controls_6595b64144ccf1df_5.82.22621.3527_none_b43b7f4b638cc64f\comctl32.dll
0x00007ffd263d0000 - 0x00007ffd264d1000 	C:\WINDOWS\SYSTEM32\PROPSYS.dll
0x00007ffd17d50000 - 0x00007ffd17e06000 	C:\Windows\System32\Windows.FileExplorer.Common.dll
0x00007ffd29e90000 - 0x00007ffd29ede000 	C:\WINDOWS\SYSTEM32\CFGMGR32.dll
0x00007ffd05380000 - 0x00007ffd05470000 	C:\WINDOWS\system32\Windows.Storage.Search.dll
0x00007ffd21af0000 - 0x00007ffd21c2d000 	C:\Windows\System32\Windows.System.Launcher.dll
0x00007ffd23900000 - 0x00007ffd23993000 	C:\Windows\System32\msvcp110_win.dll
0x00007ffd229e0000 - 0x00007ffd229fa000 	C:\WINDOWS\SYSTEM32\windows.staterepositorycore.dll
0x00007ffd05570000 - 0x00007ffd0562d000 	C:\WINDOWS\System32\StructuredQuery.dll
0x00007ffd131e0000 - 0x00007ffd131fa000 	C:\WINDOWS\system32\NetworkExplorer.dll
0x00007ffd14c50000 - 0x00007ffd14d01000 	C:\Windows\System32\OneCoreCommonProxyStub.dll
0x00007ffd0b5e0000 - 0x00007ffd0b63a000 	C:\Windows\System32\vaultcli.dll
0x00007ffd11020000 - 0x00007ffd1103e000 	C:\WINDOWS\SYSTEM32\MPR.dll
0x00007ffd16210000 - 0x00007ffd1623b000 	C:\WINDOWS\System32\p9np.dll
0x00007ffd1d9a0000 - 0x00007ffd1d9ac000 	C:\WINDOWS\System32\drprov.dll
0x00007ffd161f0000 - 0x00007ffd16209000 	C:\WINDOWS\System32\ntlanman.dll
0x00007ffd15b90000 - 0x00007ffd15baf000 	C:\WINDOWS\System32\davclnt.dll
0x00007ffd28bf0000 - 0x00007ffd28c56000 	C:\WINDOWS\System32\WINSTA.dll
0x00007ffd25720000 - 0x00007ffd2573a000 	C:\WINDOWS\System32\wkscli.dll
0x00007ffd113a0000 - 0x00007ffd113b2000 	C:\WINDOWS\SYSTEM32\cscapi.dll
0x00007ffd28be0000 - 0x00007ffd28bec000 	C:\WINDOWS\System32\netutils.dll
0x00007ffd088e0000 - 0x00007ffd0893d000 	C:\Windows\System32\dlnashext.dll
0x00007ffd124b0000 - 0x00007ffd12519000 	C:\Windows\System32\PlayToDevice.dll
0x00007ffd0d450000 - 0x00007ffd0d471000 	C:\Windows\System32\DevDispItemProvider.dll
0x00007ffd18b10000 - 0x00007ffd18bae000 	C:\WINDOWS\System32\MMDevApi.dll
0x00007ffd29e40000 - 0x00007ffd29e6c000 	C:\WINDOWS\System32\DEVOBJ.dll
0x00007ffd15790000 - 0x00007ffd1597e000 	C:\WINDOWS\SYSTEM32\AudioSes.dll
0x00007ffce7be0000 - 0x00007ffce7c47000 	C:\ProgramData\A-Volute\A-Volute.Nahimic\Modules\Scheduled\x64\ProductInfo.dll
0x00007ffcd3530000 - 0x00007ffcd3573000 	C:\ProgramData\A-Volute\A-Volute.Nahimic\Modules\Scheduled\x64\ASM.Plugin.AudioDevProps2.dll
0x00007ffd12290000 - 0x00007ffd1233a000 	C:\WINDOWS\system32\wpdshext.dll
0x00007ffd16b80000 - 0x00007ffd16d3a000 	C:\WINDOWS\WinSxS\amd64_microsoft.windows.gdiplus_6595b64144ccf1df_1.1.22621.4541_none_57fbc4aace173a53\gdiplus.dll
0x00007ffcee190000 - 0x00007ffcee22f000 	C:\Windows\System32\PortableDeviceApi.dll
0x00007ffd2a180000 - 0x00007ffd2a1f2000 	C:\WINDOWS\System32\WINTRUST.dll
0x00007ffd2a780000 - 0x00007ffd2a8e6000 	C:\WINDOWS\System32\CRYPT32.dll
0x00007ffd299e0000 - 0x00007ffd299f2000 	C:\WINDOWS\SYSTEM32\MSASN1.dll
0x00007ffd16fb0000 - 0x00007ffd16fd4000 	C:\Windows\System32\EhStorAPI.dll
0x00007ffd29030000 - 0x00007ffd29044000 	C:\Windows\System32\WTSAPI32.dll
0x00007ffd1f910000 - 0x00007ffd1f91d000 	C:\WINDOWS\SYSTEM32\LINKINFO.dll
0x00007ffd08590000 - 0x00007ffd085be000 	C:\Users\LOQ\.jdks\openjdk-23.0.1\bin\javajpeg.dll

dbghelp: loaded successfully - version: 4.0.5 - missing functions: none
symbol engine: initialized successfully - sym options: 0x614 - pdb path: .;C:\Users\LOQ\.jdks\openjdk-23.0.1\bin;C:\WINDOWS\SYSTEM32;C:\WINDOWS\WinSxS\amd64_microsoft.windows.common-controls_6595b64144ccf1df_6.0.22621.4541_none_2710d1c57384c085;C:\Users\LOQ\.jdks\openjdk-23.0.1\bin\server;C:\Program Files\JetBrains\IntelliJ IDEA Community Edition 2024.2.2\bin;C:\ProgramData\A-Volute\A-Volute.Nahimic\Modules\Scheduled\x64;C:\WINDOWS\System32\DriverStore\FileRepository\u0407152.inf_amd64_272baa029b0dba8b\B406571;C:\WINDOWS\WinSxS\amd64_microsoft.windows.common-controls_6595b64144ccf1df_5.82.22621.3527_none_b43b7f4b638cc64f;C:\WINDOWS\WinSxS\amd64_microsoft.windows.gdiplus_6595b64144ccf1df_1.1.22621.4541_none_57fbc4aace173a53

VM Arguments:
jvm_args: -ea -Didea.test.cyclic.buffer.size=1048576 -javaagent:C:\Program Files\JetBrains\IntelliJ IDEA Community Edition 2024.2.2\lib\idea_rt.jar=57278:C:\Program Files\JetBrains\IntelliJ IDEA Community Edition 2024.2.2\bin -Dfile.encoding=UTF-8 -Dsun.stdout.encoding=UTF-8 -Dsun.stderr.encoding=UTF-8 
java_command: com.intellij.rt.junit.JUnitStarter -ideVersion5 -junit5 com.manajementugas.TaskManagementAppTest
java_class_path (initial): C:\Users\LOQ\.m2\repository\org\junit\platform\junit-platform-launcher\1.8.1\junit-platform-launcher-1.8.1.jar;C:\Users\LOQ\.m2\repository\org\junit\vintage\junit-vintage-engine\5.8.1\junit-vintage-engine-5.8.1.jar;C:\Program Files\JetBrains\IntelliJ IDEA Community Edition 2024.2.2\lib\idea_rt.jar;C:\Program Files\JetBrains\IntelliJ IDEA Community Edition 2024.2.2\plugins\junit\lib\junit5-rt.jar;C:\Program Files\JetBrains\IntelliJ IDEA Community Edition 2024.2.2\plugins\junit\lib\junit-rt.jar;D:\SEMESTER 3\Pemrograman Lanjut\UAP\target\classes;C:\Users\LOQ\.m2\repository\org\apache\poi\poi-ooxml\5.2.3\poi-ooxml-5.2.3.jar;C:\Users\LOQ\.m2\repository\org\apache\poi\poi\5.2.3\poi-5.2.3.jar;C:\Users\LOQ\.m2\repository\commons-codec\commons-codec\1.15\commons-codec-1.15.jar;C:\Users\LOQ\.m2\repository\org\apache\commons\commons-math3\3.6.1\commons-math3-3.6.1.jar;C:\Users\LOQ\.m2\repository\com\zaxxer\SparseBitSet\1.2\SparseBitSet-1.2.jar;C:\Users\LOQ\.m2\repository\org\apache\poi\poi-ooxml-lite\5.2.3\poi-ooxml-lite-5.2.3.jar;C:\Users\LOQ\.m2\repository\org\apache\xmlbeans\xmlbeans\5.1.1\xmlbeans-5.1.1.jar;C:\Users\LOQ\.m2\repository\org\apache\commons\commons-compress\1.21\commons-compress-1.21.jar;C:\Users\LOQ\.m2\repository\commons-io\commons-io\2.11.0\commons-io-2.11.0.jar;C:\Users\LOQ\.m2\repository\com\github\virtuald\curvesapi\1.07\curvesapi-1.07.jar;C:\Users\LOQ\.m2\repository\org\apache\logging\log4j\log4j-api\2.18.0\log4j-api-2.18.0.jar;C:\Users\LOQ\.m2\repository\org\apache\commons\commons-collections4\4.4\commons-collections4-4.4.jar;C:\Users\LOQ\.m2\repository\junit\junit\4.13.1\junit-4.13.1.jar;C:\Users\LOQ\.m2\repository\org\hamcrest\hamcrest-core\1.3\hamcrest-core-1.3.jar;C:\Users\LOQ\.m2\repository\org\junit\jupiter\junit-jupiter\5.8.1\junit-jupiter-5.8.1.jar;C:\Users\LOQ\.m2\repository\org\junit\jupiter\junit-jupiter-api\5.8.1\junit-jupiter-api-5.8.1.jar;C:\Users\LOQ\.m2\repository\org\opentest4j\opentest4j\1.2.0\opentest4j-1.2.0.jar;C:\Users\LOQ\.m2\repository\org\junit\platform\junit-platform-commons\1.8.1\junit-platform-commons-1.8.1.jar;C:\Users\LOQ\.m2\repository\org\apiguardian\apiguardian-api\1.1.2\apiguardian-api-1.1.2.jar;C:\Users\LOQ\.m2\repository\org\junit\jupiter\junit-jupiter-params\5.8.1\junit-jupiter-params-5.8.1.jar;C:\Users\LOQ\.m2\repository\org\junit\jupiter\junit-jupiter-engine\5.8.1\junit-jupiter-engine-5.8.1.jar;C:\Users\LOQ\.m2\repository\org\junit\platform\junit-platform-engine\1.8.1\junit-platform-engine-1.8.1.jar
Launcher Type: SUN_STANDARD

[Global flags]
     intx CICompilerCount                          = 12                                        {product} {ergonomic}
     uint ConcGCThreads                            = 3                                         {product} {ergonomic}
     uint G1ConcRefinementThreads                  = 13                                        {product} {ergonomic}
   size_t G1HeapRegionSize                         = 2097152                                   {product} {ergonomic}
   size_t InitialHeapSize                          = 257949696                                 {product} {ergonomic}
   size_t MarkStackSize                            = 4194304                                   {product} {ergonomic}
   size_t MarkStackSizeMax                         = 536870912                                 {product} {ergonomic}
   size_t MaxHeapSize                              = 4110417920                                {product} {ergonomic}
   size_t MaxNewSize                               = 2466250752                                {product} {ergonomic}
   size_t MinHeapDeltaBytes                        = 2097152                                   {product} {ergonomic}
   size_t MinHeapSize                              = 8388608                                   {product} {ergonomic}
    uintx NonNMethodCodeHeapSize                   = 7602176                                {pd product} {ergonomic}
    uintx NonProfiledCodeHeapSize                  = 122093568                              {pd product} {ergonomic}
    uintx ProfiledCodeHeapSize                     = 121962496                              {pd product} {ergonomic}
    uintx ReservedCodeCacheSize                    = 251658240                              {pd product} {ergonomic}
     bool SegmentedCodeCache                       = true                                      {product} {ergonomic}
   size_t SoftMaxHeapSize                          = 4110417920                             {manageable} {ergonomic}
     bool UseCompressedOops                        = true                           {product lp64_product} {ergonomic}
     bool UseG1GC                                  = true                                      {product} {ergonomic}
     bool UseLargePagesIndividualAllocation        = false                                  {pd product} {ergonomic}

Logging:
Log output configuration:
 #0: stdout all=warning uptime,level,tags foldmultilines=false
 #1: stderr all=off uptime,level,tags foldmultilines=false

Environment Variables:
JAVA_HOME=C:\Users\LOQ\.jdks\openjdk-23
PATH=C:\WINDOWS\system32;C:\WINDOWS;C:\WINDOWS\System32\Wbem;C:\WINDOWS\System32\WindowsPowerShell\v1.0\;C:\WINDOWS\System32\OpenSSH\;C:\Program Files (x86)\NVIDIA Corporation\PhysX\Common;C:\Program Files\NVIDIA Corporation\NVIDIA NvDLISR;C:\apache-maven-3.9.9\bin;C:\Users\LOQ\.jdks\openjdk-23;C:\Program Files\Git\cmd;C:\Users\LOQ\AppData\Local\Programs\Python\Python313\Scripts\;C:\Users\LOQ\AppData\Local\Programs\Python\Python313\;C:\Users\LOQ\AppData\Local\Programs\Python\Launcher\;C:\Users\LOQ\AppData\Local\Microsoft\WindowsApps;C:\Users\LOQ\AppData\Local\Programs\Microsoft VS Code\bin;C:\Program Files\JetBrains\IntelliJ IDEA Community Edition 2024.2.2\bin;;C:\apache-maven-3.9.9\bin;
USERNAME=LOQ
OS=Windows_NT
PROCESSOR_IDENTIFIER=AMD64 Family 25 Model 117 Stepping 2, AuthenticAMD
TMP=C:\Users\LOQ\AppData\Local\Temp
TEMP=C:\Users\LOQ\AppData\Local\Temp




Periodic native trim disabled

---------------  S Y S T E M  ---------------

OS:
 Windows 11 , 64 bit Build 22621 (10.0.22621.4391)
OS uptime: 0 days 19:31 hours
Hyper-V role detected

CPU: total 16 (initial active 16) (16 cores per cpu, 2 threads per core) family 25 model 117 stepping 2 microcode 0x0, cx8, cmov, fxsr, ht, mmx, 3dnowpref, sse, sse2, sse3, ssse3, sse4a, sse4.1, sse4.2, popcnt, lzcnt, tsc, tscinvbit, avx, avx2, aes, erms, clmul, bmi1, bmi2, adx, avx512f, avx512dq, avx512cd, avx512bw, avx512vl, sha, fma, vzeroupper, avx512_vpopcntdq, avx512_vpclmulqdq, avx512_vaes, avx512_vnni, clflush, clflushopt, avx512_vbmi2, avx512_vbmi, hv, rdtscp, rdpid, fsrm, gfni, avx512_bitalg, f16c, cet_ss, avx512_ifma
Processor Information for the first 16 processors :
  Max Mhz: 3801, Current Mhz: 3801, Mhz Limit: 3801

Memory: 4k page, system-wide physical 15674M (3294M free)
TotalPageFile size 25402M (AvailPageFile size 5867M)
current process WorkingSet (physical memory assigned to process): 141M, peak: 185M
current process commit charge ("private bytes"): 424M, peak: 462M

vm_info: OpenJDK 64-Bit Server VM (23.0.1+11-39) for windows-amd64 JRE (23.0.1+11-39), built on 2024-09-30T07:20:43Z with MS VC++ 17.6 (VS2022)

END.
